The system is: Linux - 5.13.0-30-generic - x86_64
Compiling the C compiler identification source file "CMakeCCompilerId.c" succeeded.
Compiler: /usr/bin/cc 
Build flags: 
Id flags:  

The output was:
0


Compilation of the C compiler identification source "CMakeCCompilerId.c" produced "a.out"

The C compiler identification is GNU, found in "/home/kist-robot2/mujoco-2.3.1_source/mujoco-2.3.1/CMakeFiles/3.16.3/CompilerIdC/a.out"

Compiling the CXX compiler identification source file "CMakeCXXCompilerId.cpp" succeeded.
Compiler: /usr/bin/c++ 
Build flags: 
Id flags:  

The output was:
0


Compilation of the CXX compiler identification source "CMakeCXXCompilerId.cpp" produced "a.out"

The CXX compiler identification is GNU, found in "/home/kist-robot2/mujoco-2.3.1_source/mujoco-2.3.1/CMakeFiles/3.16.3/CompilerIdCXX/a.out"

Determining if the C compiler works passed with the following output:
Change Dir: /home/kist-robot2/mujoco-2.3.1_source/mujoco-2.3.1/CMakeFiles/CMakeTmp

Run Build Command(s):/usr/bin/make cmTC_e289a/fast && /usr/bin/make -f CMakeFiles/cmTC_e289a.dir/build.make CMakeFiles/cmTC_e289a.dir/build
make[1]: Entering directory '/home/kist-robot2/mujoco-2.3.1_source/mujoco-2.3.1/CMakeFiles/CMakeTmp'
Building C object CMakeFiles/cmTC_e289a.dir/testCCompiler.c.o
/usr/bin/cc    -o CMakeFiles/cmTC_e289a.dir/testCCompiler.c.o   -c /home/kist-robot2/mujoco-2.3.1_source/mujoco-2.3.1/CMakeFiles/CMakeTmp/testCCompiler.c
Linking C executable cmTC_e289a
/usr/bin/cmake -E cmake_link_script CMakeFiles/cmTC_e289a.dir/link.txt --verbose=1
/usr/bin/cc      CMakeFiles/cmTC_e289a.dir/testCCompiler.c.o  -o cmTC_e289a 
make[1]: Leaving directory '/home/kist-robot2/mujoco-2.3.1_source/mujoco-2.3.1/CMakeFiles/CMakeTmp'



Detecting C compiler ABI info compiled with the following output:
Change Dir: /home/kist-robot2/mujoco-2.3.1_source/mujoco-2.3.1/CMakeFiles/CMakeTmp

Run Build Command(s):/usr/bin/make cmTC_01173/fast && /usr/bin/make -f CMakeFiles/cmTC_01173.dir/build.make CMakeFiles/cmTC_01173.dir/build
make[1]: Entering directory '/home/kist-robot2/mujoco-2.3.1_source/mujoco-2.3.1/CMakeFiles/CMakeTmp'
Building C object CMakeFiles/cmTC_01173.dir/CMakeCCompilerABI.c.o
/usr/bin/cc   -v -o CMakeFiles/cmTC_01173.dir/CMakeCCompilerABI.c.o   -c /usr/share/cmake-3.16/Modules/CMakeCCompilerABI.c
Using built-in specs.
COLLECT_GCC=/usr/bin/cc
OFFLOAD_TARGET_NAMES=nvptx-none:hsa
OFFLOAD_TARGET_DEFAULT=1
Target: x86_64-linux-gnu
Configured with: ../src/configure -v --with-pkgversion='Ubuntu 9.4.0-1ubuntu1~20.04.1' --with-bugurl=file:///usr/share/doc/gcc-9/README.Bugs --enable-languages=c,ada,c++,go,brig,d,fortran,objc,obj-c++,gm2 --prefix=/usr --with-gcc-major-version-only --program-suffix=-9 --program-prefix=x86_64-linux-gnu- --enable-shared --enable-linker-build-id --libexecdir=/usr/lib --without-included-gettext --enable-threads=posix --libdir=/usr/lib --enable-nls --enable-clocale=gnu --enable-libstdcxx-debug --enable-libstdcxx-time=yes --with-default-libstdcxx-abi=new --enable-gnu-unique-object --disable-vtable-verify --enable-plugin --enable-default-pie --with-system-zlib --with-target-system-zlib=auto --enable-objc-gc=auto --enable-multiarch --disable-werror --with-arch-32=i686 --with-abi=m64 --with-multilib-list=m32,m64,mx32 --enable-multilib --with-tune=generic --enable-offload-targets=nvptx-none=/build/gcc-9-Av3uEd/gcc-9-9.4.0/debian/tmp-nvptx/usr,hsa --without-cuda-driver --enable-checking=release --build=x86_64-linux-gnu --host=x86_64-linux-gnu --target=x86_64-linux-gnu
Thread model: posix
gcc version 9.4.0 (Ubuntu 9.4.0-1ubuntu1~20.04.1) 
COLLECT_GCC_OPTIONS='-v' '-o' 'CMakeFiles/cmTC_01173.dir/CMakeCCompilerABI.c.o' '-c' '-mtune=generic' '-march=x86-64'
 /usr/lib/gcc/x86_64-linux-gnu/9/cc1 -quiet -v -imultiarch x86_64-linux-gnu /usr/share/cmake-3.16/Modules/CMakeCCompilerABI.c -quiet -dumpbase CMakeCCompilerABI.c -mtune=generic -march=x86-64 -auxbase-strip CMakeFiles/cmTC_01173.dir/CMakeCCompilerABI.c.o -version -fasynchronous-unwind-tables -fstack-protector-strong -Wformat -Wformat-security -fstack-clash-protection -fcf-protection -o /tmp/cclLZbbv.s
GNU C17 (Ubuntu 9.4.0-1ubuntu1~20.04.1) version 9.4.0 (x86_64-linux-gnu)
	compiled by GNU C version 9.4.0, GMP version 6.2.0, MPFR version 4.0.2, MPC version 1.1.0, isl version isl-0.22.1-GMP

GGC heuristics: --param ggc-min-expand=100 --param ggc-min-heapsize=131072
ignoring nonexistent directory "/usr/local/include/x86_64-linux-gnu"
ignoring nonexistent directory "/usr/lib/gcc/x86_64-linux-gnu/9/include-fixed"
ignoring nonexistent directory "/usr/lib/gcc/x86_64-linux-gnu/9/../../../../x86_64-linux-gnu/include"
#include "..." search starts here:
#include <...> search starts here:
 /usr/lib/gcc/x86_64-linux-gnu/9/include
 /usr/local/include
 /usr/include/x86_64-linux-gnu
 /usr/include
End of search list.
GNU C17 (Ubuntu 9.4.0-1ubuntu1~20.04.1) version 9.4.0 (x86_64-linux-gnu)
	compiled by GNU C version 9.4.0, GMP version 6.2.0, MPFR version 4.0.2, MPC version 1.1.0, isl version isl-0.22.1-GMP

GGC heuristics: --param ggc-min-expand=100 --param ggc-min-heapsize=131072
Compiler executable checksum: c0c95c0b4209efec1c1892d5ff24030b
COLLECT_GCC_OPTIONS='-v' '-o' 'CMakeFiles/cmTC_01173.dir/CMakeCCompilerABI.c.o' '-c' '-mtune=generic' '-march=x86-64'
 as -v --64 -o CMakeFiles/cmTC_01173.dir/CMakeCCompilerABI.c.o /tmp/cclLZbbv.s
GNU assembler version 2.34 (x86_64-linux-gnu) using BFD version (GNU Binutils for Ubuntu) 2.34
COMPILER_PATH=/usr/lib/gcc/x86_64-linux-gnu/9/:/usr/lib/gcc/x86_64-linux-gnu/9/:/usr/lib/gcc/x86_64-linux-gnu/:/usr/lib/gcc/x86_64-linux-gnu/9/:/usr/lib/gcc/x86_64-linux-gnu/
LIBRARY_PATH=/usr/lib/gcc/x86_64-linux-gnu/9/:/usr/lib/gcc/x86_64-linux-gnu/9/../../../x86_64-linux-gnu/:/usr/lib/gcc/x86_64-linux-gnu/9/../../../../lib/:/lib/x86_64-linux-gnu/:/lib/../lib/:/usr/lib/x86_64-linux-gnu/:/usr/lib/../lib/:/usr/lib/gcc/x86_64-linux-gnu/9/../../../:/lib/:/usr/lib/
COLLECT_GCC_OPTIONS='-v' '-o' 'CMakeFiles/cmTC_01173.dir/CMakeCCompilerABI.c.o' '-c' '-mtune=generic' '-march=x86-64'
Linking C executable cmTC_01173
/usr/bin/cmake -E cmake_link_script CMakeFiles/cmTC_01173.dir/link.txt --verbose=1
/usr/bin/cc     -v CMakeFiles/cmTC_01173.dir/CMakeCCompilerABI.c.o  -o cmTC_01173 
Using built-in specs.
COLLECT_GCC=/usr/bin/cc
COLLECT_LTO_WRAPPER=/usr/lib/gcc/x86_64-linux-gnu/9/lto-wrapper
OFFLOAD_TARGET_NAMES=nvptx-none:hsa
OFFLOAD_TARGET_DEFAULT=1
Target: x86_64-linux-gnu
Configured with: ../src/configure -v --with-pkgversion='Ubuntu 9.4.0-1ubuntu1~20.04.1' --with-bugurl=file:///usr/share/doc/gcc-9/README.Bugs --enable-languages=c,ada,c++,go,brig,d,fortran,objc,obj-c++,gm2 --prefix=/usr --with-gcc-major-version-only --program-suffix=-9 --program-prefix=x86_64-linux-gnu- --enable-shared --enable-linker-build-id --libexecdir=/usr/lib --without-included-gettext --enable-threads=posix --libdir=/usr/lib --enable-nls --enable-clocale=gnu --enable-libstdcxx-debug --enable-libstdcxx-time=yes --with-default-libstdcxx-abi=new --enable-gnu-unique-object --disable-vtable-verify --enable-plugin --enable-default-pie --with-system-zlib --with-target-system-zlib=auto --enable-objc-gc=auto --enable-multiarch --disable-werror --with-arch-32=i686 --with-abi=m64 --with-multilib-list=m32,m64,mx32 --enable-multilib --with-tune=generic --enable-offload-targets=nvptx-none=/build/gcc-9-Av3uEd/gcc-9-9.4.0/debian/tmp-nvptx/usr,hsa --without-cuda-driver --enable-checking=release --build=x86_64-linux-gnu --host=x86_64-linux-gnu --target=x86_64-linux-gnu
Thread model: posix
gcc version 9.4.0 (Ubuntu 9.4.0-1ubuntu1~20.04.1) 
COMPILER_PATH=/usr/lib/gcc/x86_64-linux-gnu/9/:/usr/lib/gcc/x86_64-linux-gnu/9/:/usr/lib/gcc/x86_64-linux-gnu/:/usr/lib/gcc/x86_64-linux-gnu/9/:/usr/lib/gcc/x86_64-linux-gnu/
LIBRARY_PATH=/usr/lib/gcc/x86_64-linux-gnu/9/:/usr/lib/gcc/x86_64-linux-gnu/9/../../../x86_64-linux-gnu/:/usr/lib/gcc/x86_64-linux-gnu/9/../../../../lib/:/lib/x86_64-linux-gnu/:/lib/../lib/:/usr/lib/x86_64-linux-gnu/:/usr/lib/../lib/:/usr/lib/gcc/x86_64-linux-gnu/9/../../../:/lib/:/usr/lib/
COLLECT_GCC_OPTIONS='-v' '-o' 'cmTC_01173' '-mtune=generic' '-march=x86-64'
 /usr/lib/gcc/x86_64-linux-gnu/9/collect2 -plugin /usr/lib/gcc/x86_64-linux-gnu/9/liblto_plugin.so -plugin-opt=/usr/lib/gcc/x86_64-linux-gnu/9/lto-wrapper -plugin-opt=-fresolution=/tmp/ccaHEUcW.res -plugin-opt=-pass-through=-lgcc -plugin-opt=-pass-through=-lgcc_s -plugin-opt=-pass-through=-lc -plugin-opt=-pass-through=-lgcc -plugin-opt=-pass-through=-lgcc_s --build-id --eh-frame-hdr -m elf_x86_64 --hash-style=gnu --as-needed -dynamic-linker /lib64/ld-linux-x86-64.so.2 -pie -z now -z relro -o cmTC_01173 /usr/lib/gcc/x86_64-linux-gnu/9/../../../x86_64-linux-gnu/Scrt1.o /usr/lib/gcc/x86_64-linux-gnu/9/../../../x86_64-linux-gnu/crti.o /usr/lib/gcc/x86_64-linux-gnu/9/crtbeginS.o -L/usr/lib/gcc/x86_64-linux-gnu/9 -L/usr/lib/gcc/x86_64-linux-gnu/9/../../../x86_64-linux-gnu -L/usr/lib/gcc/x86_64-linux-gnu/9/../../../../lib -L/lib/x86_64-linux-gnu -L/lib/../lib -L/usr/lib/x86_64-linux-gnu -L/usr/lib/../lib -L/usr/lib/gcc/x86_64-linux-gnu/9/../../.. CMakeFiles/cmTC_01173.dir/CMakeCCompilerABI.c.o -lgcc --push-state --as-needed -lgcc_s --pop-state -lc -lgcc --push-state --as-needed -lgcc_s --pop-state /usr/lib/gcc/x86_64-linux-gnu/9/crtendS.o /usr/lib/gcc/x86_64-linux-gnu/9/../../../x86_64-linux-gnu/crtn.o
COLLECT_GCC_OPTIONS='-v' '-o' 'cmTC_01173' '-mtune=generic' '-march=x86-64'
make[1]: Leaving directory '/home/kist-robot2/mujoco-2.3.1_source/mujoco-2.3.1/CMakeFiles/CMakeTmp'



Parsed C implicit include dir info from above output: rv=done
  found start of include info
  found start of implicit include info
    add: [/usr/lib/gcc/x86_64-linux-gnu/9/include]
    add: [/usr/local/include]
    add: [/usr/include/x86_64-linux-gnu]
    add: [/usr/include]
  end of search list found
  collapse include dir [/usr/lib/gcc/x86_64-linux-gnu/9/include] ==> [/usr/lib/gcc/x86_64-linux-gnu/9/include]
  collapse include dir [/usr/local/include] ==> [/usr/local/include]
  collapse include dir [/usr/include/x86_64-linux-gnu] ==> [/usr/include/x86_64-linux-gnu]
  collapse include dir [/usr/include] ==> [/usr/include]
  implicit include dirs: [/usr/lib/gcc/x86_64-linux-gnu/9/include;/usr/local/include;/usr/include/x86_64-linux-gnu;/usr/include]


Parsed C implicit link information from above output:
  link line regex: [^( *|.*[/\])(ld|CMAKE_LINK_STARTFILE-NOTFOUND|([^/\]+-)?ld|collect2)[^/\]*( |$)]
  ignore line: [Change Dir: /home/kist-robot2/mujoco-2.3.1_source/mujoco-2.3.1/CMakeFiles/CMakeTmp]
  ignore line: []
  ignore line: [Run Build Command(s):/usr/bin/make cmTC_01173/fast && /usr/bin/make -f CMakeFiles/cmTC_01173.dir/build.make CMakeFiles/cmTC_01173.dir/build]
  ignore line: [make[1]: Entering directory '/home/kist-robot2/mujoco-2.3.1_source/mujoco-2.3.1/CMakeFiles/CMakeTmp']
  ignore line: [Building C object CMakeFiles/cmTC_01173.dir/CMakeCCompilerABI.c.o]
  ignore line: [/usr/bin/cc   -v -o CMakeFiles/cmTC_01173.dir/CMakeCCompilerABI.c.o   -c /usr/share/cmake-3.16/Modules/CMakeCCompilerABI.c]
  ignore line: [Using built-in specs.]
  ignore line: [COLLECT_GCC=/usr/bin/cc]
  ignore line: [OFFLOAD_TARGET_NAMES=nvptx-none:hsa]
  ignore line: [OFFLOAD_TARGET_DEFAULT=1]
  ignore line: [Target: x86_64-linux-gnu]
  ignore line: [Configured with: ../src/configure -v --with-pkgversion='Ubuntu 9.4.0-1ubuntu1~20.04.1' --with-bugurl=file:///usr/share/doc/gcc-9/README.Bugs --enable-languages=c ada c++ go brig d fortran objc obj-c++ gm2 --prefix=/usr --with-gcc-major-version-only --program-suffix=-9 --program-prefix=x86_64-linux-gnu- --enable-shared --enable-linker-build-id --libexecdir=/usr/lib --without-included-gettext --enable-threads=posix --libdir=/usr/lib --enable-nls --enable-clocale=gnu --enable-libstdcxx-debug --enable-libstdcxx-time=yes --with-default-libstdcxx-abi=new --enable-gnu-unique-object --disable-vtable-verify --enable-plugin --enable-default-pie --with-system-zlib --with-target-system-zlib=auto --enable-objc-gc=auto --enable-multiarch --disable-werror --with-arch-32=i686 --with-abi=m64 --with-multilib-list=m32 m64 mx32 --enable-multilib --with-tune=generic --enable-offload-targets=nvptx-none=/build/gcc-9-Av3uEd/gcc-9-9.4.0/debian/tmp-nvptx/usr hsa --without-cuda-driver --enable-checking=release --build=x86_64-linux-gnu --host=x86_64-linux-gnu --target=x86_64-linux-gnu]
  ignore line: [Thread model: posix]
  ignore line: [gcc version 9.4.0 (Ubuntu 9.4.0-1ubuntu1~20.04.1) ]
  ignore line: [COLLECT_GCC_OPTIONS='-v' '-o' 'CMakeFiles/cmTC_01173.dir/CMakeCCompilerABI.c.o' '-c' '-mtune=generic' '-march=x86-64']
  ignore line: [ /usr/lib/gcc/x86_64-linux-gnu/9/cc1 -quiet -v -imultiarch x86_64-linux-gnu /usr/share/cmake-3.16/Modules/CMakeCCompilerABI.c -quiet -dumpbase CMakeCCompilerABI.c -mtune=generic -march=x86-64 -auxbase-strip CMakeFiles/cmTC_01173.dir/CMakeCCompilerABI.c.o -version -fasynchronous-unwind-tables -fstack-protector-strong -Wformat -Wformat-security -fstack-clash-protection -fcf-protection -o /tmp/cclLZbbv.s]
  ignore line: [GNU C17 (Ubuntu 9.4.0-1ubuntu1~20.04.1) version 9.4.0 (x86_64-linux-gnu)]
  ignore line: [	compiled by GNU C version 9.4.0  GMP version 6.2.0  MPFR version 4.0.2  MPC version 1.1.0  isl version isl-0.22.1-GMP]
  ignore line: []
  ignore line: [GGC heuristics: --param ggc-min-expand=100 --param ggc-min-heapsize=131072]
  ignore line: [ignoring nonexistent directory "/usr/local/include/x86_64-linux-gnu"]
  ignore line: [ignoring nonexistent directory "/usr/lib/gcc/x86_64-linux-gnu/9/include-fixed"]
  ignore line: [ignoring nonexistent directory "/usr/lib/gcc/x86_64-linux-gnu/9/../../../../x86_64-linux-gnu/include"]
  ignore line: [#include "..." search starts here:]
  ignore line: [#include <...> search starts here:]
  ignore line: [ /usr/lib/gcc/x86_64-linux-gnu/9/include]
  ignore line: [ /usr/local/include]
  ignore line: [ /usr/include/x86_64-linux-gnu]
  ignore line: [ /usr/include]
  ignore line: [End of search list.]
  ignore line: [GNU C17 (Ubuntu 9.4.0-1ubuntu1~20.04.1) version 9.4.0 (x86_64-linux-gnu)]
  ignore line: [	compiled by GNU C version 9.4.0  GMP version 6.2.0  MPFR version 4.0.2  MPC version 1.1.0  isl version isl-0.22.1-GMP]
  ignore line: []
  ignore line: [GGC heuristics: --param ggc-min-expand=100 --param ggc-min-heapsize=131072]
  ignore line: [Compiler executable checksum: c0c95c0b4209efec1c1892d5ff24030b]
  ignore line: [COLLECT_GCC_OPTIONS='-v' '-o' 'CMakeFiles/cmTC_01173.dir/CMakeCCompilerABI.c.o' '-c' '-mtune=generic' '-march=x86-64']
  ignore line: [ as -v --64 -o CMakeFiles/cmTC_01173.dir/CMakeCCompilerABI.c.o /tmp/cclLZbbv.s]
  ignore line: [GNU assembler version 2.34 (x86_64-linux-gnu) using BFD version (GNU Binutils for Ubuntu) 2.34]
  ignore line: [COMPILER_PATH=/usr/lib/gcc/x86_64-linux-gnu/9/:/usr/lib/gcc/x86_64-linux-gnu/9/:/usr/lib/gcc/x86_64-linux-gnu/:/usr/lib/gcc/x86_64-linux-gnu/9/:/usr/lib/gcc/x86_64-linux-gnu/]
  ignore line: [LIBRARY_PATH=/usr/lib/gcc/x86_64-linux-gnu/9/:/usr/lib/gcc/x86_64-linux-gnu/9/../../../x86_64-linux-gnu/:/usr/lib/gcc/x86_64-linux-gnu/9/../../../../lib/:/lib/x86_64-linux-gnu/:/lib/../lib/:/usr/lib/x86_64-linux-gnu/:/usr/lib/../lib/:/usr/lib/gcc/x86_64-linux-gnu/9/../../../:/lib/:/usr/lib/]
  ignore line: [COLLECT_GCC_OPTIONS='-v' '-o' 'CMakeFiles/cmTC_01173.dir/CMakeCCompilerABI.c.o' '-c' '-mtune=generic' '-march=x86-64']
  ignore line: [Linking C executable cmTC_01173]
  ignore line: [/usr/bin/cmake -E cmake_link_script CMakeFiles/cmTC_01173.dir/link.txt --verbose=1]
  ignore line: [/usr/bin/cc     -v CMakeFiles/cmTC_01173.dir/CMakeCCompilerABI.c.o  -o cmTC_01173 ]
  ignore line: [Using built-in specs.]
  ignore line: [COLLECT_GCC=/usr/bin/cc]
  ignore line: [COLLECT_LTO_WRAPPER=/usr/lib/gcc/x86_64-linux-gnu/9/lto-wrapper]
  ignore line: [OFFLOAD_TARGET_NAMES=nvptx-none:hsa]
  ignore line: [OFFLOAD_TARGET_DEFAULT=1]
  ignore line: [Target: x86_64-linux-gnu]
  ignore line: [Configured with: ../src/configure -v --with-pkgversion='Ubuntu 9.4.0-1ubuntu1~20.04.1' --with-bugurl=file:///usr/share/doc/gcc-9/README.Bugs --enable-languages=c ada c++ go brig d fortran objc obj-c++ gm2 --prefix=/usr --with-gcc-major-version-only --program-suffix=-9 --program-prefix=x86_64-linux-gnu- --enable-shared --enable-linker-build-id --libexecdir=/usr/lib --without-included-gettext --enable-threads=posix --libdir=/usr/lib --enable-nls --enable-clocale=gnu --enable-libstdcxx-debug --enable-libstdcxx-time=yes --with-default-libstdcxx-abi=new --enable-gnu-unique-object --disable-vtable-verify --enable-plugin --enable-default-pie --with-system-zlib --with-target-system-zlib=auto --enable-objc-gc=auto --enable-multiarch --disable-werror --with-arch-32=i686 --with-abi=m64 --with-multilib-list=m32 m64 mx32 --enable-multilib --with-tune=generic --enable-offload-targets=nvptx-none=/build/gcc-9-Av3uEd/gcc-9-9.4.0/debian/tmp-nvptx/usr hsa --without-cuda-driver --enable-checking=release --build=x86_64-linux-gnu --host=x86_64-linux-gnu --target=x86_64-linux-gnu]
  ignore line: [Thread model: posix]
  ignore line: [gcc version 9.4.0 (Ubuntu 9.4.0-1ubuntu1~20.04.1) ]
  ignore line: [COMPILER_PATH=/usr/lib/gcc/x86_64-linux-gnu/9/:/usr/lib/gcc/x86_64-linux-gnu/9/:/usr/lib/gcc/x86_64-linux-gnu/:/usr/lib/gcc/x86_64-linux-gnu/9/:/usr/lib/gcc/x86_64-linux-gnu/]
  ignore line: [LIBRARY_PATH=/usr/lib/gcc/x86_64-linux-gnu/9/:/usr/lib/gcc/x86_64-linux-gnu/9/../../../x86_64-linux-gnu/:/usr/lib/gcc/x86_64-linux-gnu/9/../../../../lib/:/lib/x86_64-linux-gnu/:/lib/../lib/:/usr/lib/x86_64-linux-gnu/:/usr/lib/../lib/:/usr/lib/gcc/x86_64-linux-gnu/9/../../../:/lib/:/usr/lib/]
  ignore line: [COLLECT_GCC_OPTIONS='-v' '-o' 'cmTC_01173' '-mtune=generic' '-march=x86-64']
  link line: [ /usr/lib/gcc/x86_64-linux-gnu/9/collect2 -plugin /usr/lib/gcc/x86_64-linux-gnu/9/liblto_plugin.so -plugin-opt=/usr/lib/gcc/x86_64-linux-gnu/9/lto-wrapper -plugin-opt=-fresolution=/tmp/ccaHEUcW.res -plugin-opt=-pass-through=-lgcc -plugin-opt=-pass-through=-lgcc_s -plugin-opt=-pass-through=-lc -plugin-opt=-pass-through=-lgcc -plugin-opt=-pass-through=-lgcc_s --build-id --eh-frame-hdr -m elf_x86_64 --hash-style=gnu --as-needed -dynamic-linker /lib64/ld-linux-x86-64.so.2 -pie -z now -z relro -o cmTC_01173 /usr/lib/gcc/x86_64-linux-gnu/9/../../../x86_64-linux-gnu/Scrt1.o /usr/lib/gcc/x86_64-linux-gnu/9/../../../x86_64-linux-gnu/crti.o /usr/lib/gcc/x86_64-linux-gnu/9/crtbeginS.o -L/usr/lib/gcc/x86_64-linux-gnu/9 -L/usr/lib/gcc/x86_64-linux-gnu/9/../../../x86_64-linux-gnu -L/usr/lib/gcc/x86_64-linux-gnu/9/../../../../lib -L/lib/x86_64-linux-gnu -L/lib/../lib -L/usr/lib/x86_64-linux-gnu -L/usr/lib/../lib -L/usr/lib/gcc/x86_64-linux-gnu/9/../../.. CMakeFiles/cmTC_01173.dir/CMakeCCompilerABI.c.o -lgcc --push-state --as-needed -lgcc_s --pop-state -lc -lgcc --push-state --as-needed -lgcc_s --pop-state /usr/lib/gcc/x86_64-linux-gnu/9/crtendS.o /usr/lib/gcc/x86_64-linux-gnu/9/../../../x86_64-linux-gnu/crtn.o]
    arg [/usr/lib/gcc/x86_64-linux-gnu/9/collect2] ==> ignore
    arg [-plugin] ==> ignore
    arg [/usr/lib/gcc/x86_64-linux-gnu/9/liblto_plugin.so] ==> ignore
    arg [-plugin-opt=/usr/lib/gcc/x86_64-linux-gnu/9/lto-wrapper] ==> ignore
    arg [-plugin-opt=-fresolution=/tmp/ccaHEUcW.res] ==> ignore
    arg [-plugin-opt=-pass-through=-lgcc] ==> ignore
    arg [-plugin-opt=-pass-through=-lgcc_s] ==> ignore
    arg [-plugin-opt=-pass-through=-lc] ==> ignore
    arg [-plugin-opt=-pass-through=-lgcc] ==> ignore
    arg [-plugin-opt=-pass-through=-lgcc_s] ==> ignore
    arg [--build-id] ==> ignore
    arg [--eh-frame-hdr] ==> ignore
    arg [-m] ==> ignore
    arg [elf_x86_64] ==> ignore
    arg [--hash-style=gnu] ==> ignore
    arg [--as-needed] ==> ignore
    arg [-dynamic-linker] ==> ignore
    arg [/lib64/ld-linux-x86-64.so.2] ==> ignore
    arg [-pie] ==> ignore
    arg [-znow] ==> ignore
    arg [-zrelro] ==> ignore
    arg [-o] ==> ignore
    arg [cmTC_01173] ==> ignore
    arg [/usr/lib/gcc/x86_64-linux-gnu/9/../../../x86_64-linux-gnu/Scrt1.o] ==> ignore
    arg [/usr/lib/gcc/x86_64-linux-gnu/9/../../../x86_64-linux-gnu/crti.o] ==> ignore
    arg [/usr/lib/gcc/x86_64-linux-gnu/9/crtbeginS.o] ==> ignore
    arg [-L/usr/lib/gcc/x86_64-linux-gnu/9] ==> dir [/usr/lib/gcc/x86_64-linux-gnu/9]
    arg [-L/usr/lib/gcc/x86_64-linux-gnu/9/../../../x86_64-linux-gnu] ==> dir [/usr/lib/gcc/x86_64-linux-gnu/9/../../../x86_64-linux-gnu]
    arg [-L/usr/lib/gcc/x86_64-linux-gnu/9/../../../../lib] ==> dir [/usr/lib/gcc/x86_64-linux-gnu/9/../../../../lib]
    arg [-L/lib/x86_64-linux-gnu] ==> dir [/lib/x86_64-linux-gnu]
    arg [-L/lib/../lib] ==> dir [/lib/../lib]
    arg [-L/usr/lib/x86_64-linux-gnu] ==> dir [/usr/lib/x86_64-linux-gnu]
    arg [-L/usr/lib/../lib] ==> dir [/usr/lib/../lib]
    arg [-L/usr/lib/gcc/x86_64-linux-gnu/9/../../..] ==> dir [/usr/lib/gcc/x86_64-linux-gnu/9/../../..]
    arg [CMakeFiles/cmTC_01173.dir/CMakeCCompilerABI.c.o] ==> ignore
    arg [-lgcc] ==> lib [gcc]
    arg [--push-state] ==> ignore
    arg [--as-needed] ==> ignore
    arg [-lgcc_s] ==> lib [gcc_s]
    arg [--pop-state] ==> ignore
    arg [-lc] ==> lib [c]
    arg [-lgcc] ==> lib [gcc]
    arg [--push-state] ==> ignore
    arg [--as-needed] ==> ignore
    arg [-lgcc_s] ==> lib [gcc_s]
    arg [--pop-state] ==> ignore
    arg [/usr/lib/gcc/x86_64-linux-gnu/9/crtendS.o] ==> ignore
    arg [/usr/lib/gcc/x86_64-linux-gnu/9/../../../x86_64-linux-gnu/crtn.o] ==> ignore
  collapse library dir [/usr/lib/gcc/x86_64-linux-gnu/9] ==> [/usr/lib/gcc/x86_64-linux-gnu/9]
  collapse library dir [/usr/lib/gcc/x86_64-linux-gnu/9/../../../x86_64-linux-gnu] ==> [/usr/lib/x86_64-linux-gnu]
  collapse library dir [/usr/lib/gcc/x86_64-linux-gnu/9/../../../../lib] ==> [/usr/lib]
  collapse library dir [/lib/x86_64-linux-gnu] ==> [/lib/x86_64-linux-gnu]
  collapse library dir [/lib/../lib] ==> [/lib]
  collapse library dir [/usr/lib/x86_64-linux-gnu] ==> [/usr/lib/x86_64-linux-gnu]
  collapse library dir [/usr/lib/../lib] ==> [/usr/lib]
  collapse library dir [/usr/lib/gcc/x86_64-linux-gnu/9/../../..] ==> [/usr/lib]
  implicit libs: [gcc;gcc_s;c;gcc;gcc_s]
  implicit dirs: [/usr/lib/gcc/x86_64-linux-gnu/9;/usr/lib/x86_64-linux-gnu;/usr/lib;/lib/x86_64-linux-gnu;/lib]
  implicit fwks: []


Determining if the CXX compiler works passed with the following output:
Change Dir: /home/kist-robot2/mujoco-2.3.1_source/mujoco-2.3.1/CMakeFiles/CMakeTmp

Run Build Command(s):/usr/bin/make cmTC_48058/fast && /usr/bin/make -f CMakeFiles/cmTC_48058.dir/build.make CMakeFiles/cmTC_48058.dir/build
make[1]: Entering directory '/home/kist-robot2/mujoco-2.3.1_source/mujoco-2.3.1/CMakeFiles/CMakeTmp'
Building CXX object CMakeFiles/cmTC_48058.dir/testCXXCompiler.cxx.o
/usr/bin/c++     -o CMakeFiles/cmTC_48058.dir/testCXXCompiler.cxx.o -c /home/kist-robot2/mujoco-2.3.1_source/mujoco-2.3.1/CMakeFiles/CMakeTmp/testCXXCompiler.cxx
Linking CXX executable cmTC_48058
/usr/bin/cmake -E cmake_link_script CMakeFiles/cmTC_48058.dir/link.txt --verbose=1
/usr/bin/c++       CMakeFiles/cmTC_48058.dir/testCXXCompiler.cxx.o  -o cmTC_48058 
make[1]: Leaving directory '/home/kist-robot2/mujoco-2.3.1_source/mujoco-2.3.1/CMakeFiles/CMakeTmp'



Detecting CXX compiler ABI info compiled with the following output:
Change Dir: /home/kist-robot2/mujoco-2.3.1_source/mujoco-2.3.1/CMakeFiles/CMakeTmp

Run Build Command(s):/usr/bin/make cmTC_7de98/fast && /usr/bin/make -f CMakeFiles/cmTC_7de98.dir/build.make CMakeFiles/cmTC_7de98.dir/build
make[1]: Entering directory '/home/kist-robot2/mujoco-2.3.1_source/mujoco-2.3.1/CMakeFiles/CMakeTmp'
Building CXX object CMakeFiles/cmTC_7de98.dir/CMakeCXXCompilerABI.cpp.o
/usr/bin/c++    -v -o CMakeFiles/cmTC_7de98.dir/CMakeCXXCompilerABI.cpp.o -c /usr/share/cmake-3.16/Modules/CMakeCXXCompilerABI.cpp
Using built-in specs.
COLLECT_GCC=/usr/bin/c++
OFFLOAD_TARGET_NAMES=nvptx-none:hsa
OFFLOAD_TARGET_DEFAULT=1
Target: x86_64-linux-gnu
Configured with: ../src/configure -v --with-pkgversion='Ubuntu 9.4.0-1ubuntu1~20.04.1' --with-bugurl=file:///usr/share/doc/gcc-9/README.Bugs --enable-languages=c,ada,c++,go,brig,d,fortran,objc,obj-c++,gm2 --prefix=/usr --with-gcc-major-version-only --program-suffix=-9 --program-prefix=x86_64-linux-gnu- --enable-shared --enable-linker-build-id --libexecdir=/usr/lib --without-included-gettext --enable-threads=posix --libdir=/usr/lib --enable-nls --enable-clocale=gnu --enable-libstdcxx-debug --enable-libstdcxx-time=yes --with-default-libstdcxx-abi=new --enable-gnu-unique-object --disable-vtable-verify --enable-plugin --enable-default-pie --with-system-zlib --with-target-system-zlib=auto --enable-objc-gc=auto --enable-multiarch --disable-werror --with-arch-32=i686 --with-abi=m64 --with-multilib-list=m32,m64,mx32 --enable-multilib --with-tune=generic --enable-offload-targets=nvptx-none=/build/gcc-9-Av3uEd/gcc-9-9.4.0/debian/tmp-nvptx/usr,hsa --without-cuda-driver --enable-checking=release --build=x86_64-linux-gnu --host=x86_64-linux-gnu --target=x86_64-linux-gnu
Thread model: posix
gcc version 9.4.0 (Ubuntu 9.4.0-1ubuntu1~20.04.1) 
COLLECT_GCC_OPTIONS='-v' '-o' 'CMakeFiles/cmTC_7de98.dir/CMakeCXXCompilerABI.cpp.o' '-c' '-shared-libgcc' '-mtune=generic' '-march=x86-64'
 /usr/lib/gcc/x86_64-linux-gnu/9/cc1plus -quiet -v -imultiarch x86_64-linux-gnu -D_GNU_SOURCE /usr/share/cmake-3.16/Modules/CMakeCXXCompilerABI.cpp -quiet -dumpbase CMakeCXXCompilerABI.cpp -mtune=generic -march=x86-64 -auxbase-strip CMakeFiles/cmTC_7de98.dir/CMakeCXXCompilerABI.cpp.o -version -fasynchronous-unwind-tables -fstack-protector-strong -Wformat -Wformat-security -fstack-clash-protection -fcf-protection -o /tmp/cc1uli1p.s
GNU C++14 (Ubuntu 9.4.0-1ubuntu1~20.04.1) version 9.4.0 (x86_64-linux-gnu)
	compiled by GNU C version 9.4.0, GMP version 6.2.0, MPFR version 4.0.2, MPC version 1.1.0, isl version isl-0.22.1-GMP

GGC heuristics: --param ggc-min-expand=100 --param ggc-min-heapsize=131072
ignoring duplicate directory "/usr/include/x86_64-linux-gnu/c++/9"
ignoring nonexistent directory "/usr/local/include/x86_64-linux-gnu"
ignoring nonexistent directory "/usr/lib/gcc/x86_64-linux-gnu/9/include-fixed"
ignoring nonexistent directory "/usr/lib/gcc/x86_64-linux-gnu/9/../../../../x86_64-linux-gnu/include"
#include "..." search starts here:
#include <...> search starts here:
 /usr/include/c++/9
 /usr/include/x86_64-linux-gnu/c++/9
 /usr/include/c++/9/backward
 /usr/lib/gcc/x86_64-linux-gnu/9/include
 /usr/local/include
 /usr/include/x86_64-linux-gnu
 /usr/include
End of search list.
GNU C++14 (Ubuntu 9.4.0-1ubuntu1~20.04.1) version 9.4.0 (x86_64-linux-gnu)
	compiled by GNU C version 9.4.0, GMP version 6.2.0, MPFR version 4.0.2, MPC version 1.1.0, isl version isl-0.22.1-GMP

GGC heuristics: --param ggc-min-expand=100 --param ggc-min-heapsize=131072
Compiler executable checksum: 65fe925b83d3956b533de4aaba7dace0
COLLECT_GCC_OPTIONS='-v' '-o' 'CMakeFiles/cmTC_7de98.dir/CMakeCXXCompilerABI.cpp.o' '-c' '-shared-libgcc' '-mtune=generic' '-march=x86-64'
 as -v --64 -o CMakeFiles/cmTC_7de98.dir/CMakeCXXCompilerABI.cpp.o /tmp/cc1uli1p.s
GNU assembler version 2.34 (x86_64-linux-gnu) using BFD version (GNU Binutils for Ubuntu) 2.34
COMPILER_PATH=/usr/lib/gcc/x86_64-linux-gnu/9/:/usr/lib/gcc/x86_64-linux-gnu/9/:/usr/lib/gcc/x86_64-linux-gnu/:/usr/lib/gcc/x86_64-linux-gnu/9/:/usr/lib/gcc/x86_64-linux-gnu/
LIBRARY_PATH=/usr/lib/gcc/x86_64-linux-gnu/9/:/usr/lib/gcc/x86_64-linux-gnu/9/../../../x86_64-linux-gnu/:/usr/lib/gcc/x86_64-linux-gnu/9/../../../../lib/:/lib/x86_64-linux-gnu/:/lib/../lib/:/usr/lib/x86_64-linux-gnu/:/usr/lib/../lib/:/usr/lib/gcc/x86_64-linux-gnu/9/../../../:/lib/:/usr/lib/
COLLECT_GCC_OPTIONS='-v' '-o' 'CMakeFiles/cmTC_7de98.dir/CMakeCXXCompilerABI.cpp.o' '-c' '-shared-libgcc' '-mtune=generic' '-march=x86-64'
Linking CXX executable cmTC_7de98
/usr/bin/cmake -E cmake_link_script CMakeFiles/cmTC_7de98.dir/link.txt --verbose=1
/usr/bin/c++      -v CMakeFiles/cmTC_7de98.dir/CMakeCXXCompilerABI.cpp.o  -o cmTC_7de98 
Using built-in specs.
COLLECT_GCC=/usr/bin/c++
COLLECT_LTO_WRAPPER=/usr/lib/gcc/x86_64-linux-gnu/9/lto-wrapper
OFFLOAD_TARGET_NAMES=nvptx-none:hsa
OFFLOAD_TARGET_DEFAULT=1
Target: x86_64-linux-gnu
Configured with: ../src/configure -v --with-pkgversion='Ubuntu 9.4.0-1ubuntu1~20.04.1' --with-bugurl=file:///usr/share/doc/gcc-9/README.Bugs --enable-languages=c,ada,c++,go,brig,d,fortran,objc,obj-c++,gm2 --prefix=/usr --with-gcc-major-version-only --program-suffix=-9 --program-prefix=x86_64-linux-gnu- --enable-shared --enable-linker-build-id --libexecdir=/usr/lib --without-included-gettext --enable-threads=posix --libdir=/usr/lib --enable-nls --enable-clocale=gnu --enable-libstdcxx-debug --enable-libstdcxx-time=yes --with-default-libstdcxx-abi=new --enable-gnu-unique-object --disable-vtable-verify --enable-plugin --enable-default-pie --with-system-zlib --with-target-system-zlib=auto --enable-objc-gc=auto --enable-multiarch --disable-werror --with-arch-32=i686 --with-abi=m64 --with-multilib-list=m32,m64,mx32 --enable-multilib --with-tune=generic --enable-offload-targets=nvptx-none=/build/gcc-9-Av3uEd/gcc-9-9.4.0/debian/tmp-nvptx/usr,hsa --without-cuda-driver --enable-checking=release --build=x86_64-linux-gnu --host=x86_64-linux-gnu --target=x86_64-linux-gnu
Thread model: posix
gcc version 9.4.0 (Ubuntu 9.4.0-1ubuntu1~20.04.1) 
COMPILER_PATH=/usr/lib/gcc/x86_64-linux-gnu/9/:/usr/lib/gcc/x86_64-linux-gnu/9/:/usr/lib/gcc/x86_64-linux-gnu/:/usr/lib/gcc/x86_64-linux-gnu/9/:/usr/lib/gcc/x86_64-linux-gnu/
LIBRARY_PATH=/usr/lib/gcc/x86_64-linux-gnu/9/:/usr/lib/gcc/x86_64-linux-gnu/9/../../../x86_64-linux-gnu/:/usr/lib/gcc/x86_64-linux-gnu/9/../../../../lib/:/lib/x86_64-linux-gnu/:/lib/../lib/:/usr/lib/x86_64-linux-gnu/:/usr/lib/../lib/:/usr/lib/gcc/x86_64-linux-gnu/9/../../../:/lib/:/usr/lib/
COLLECT_GCC_OPTIONS='-v' '-o' 'cmTC_7de98' '-shared-libgcc' '-mtune=generic' '-march=x86-64'
 /usr/lib/gcc/x86_64-linux-gnu/9/collect2 -plugin /usr/lib/gcc/x86_64-linux-gnu/9/liblto_plugin.so -plugin-opt=/usr/lib/gcc/x86_64-linux-gnu/9/lto-wrapper -plugin-opt=-fresolution=/tmp/cc2QgLeW.res -plugin-opt=-pass-through=-lgcc_s -plugin-opt=-pass-through=-lgcc -plugin-opt=-pass-through=-lc -plugin-opt=-pass-through=-lgcc_s -plugin-opt=-pass-through=-lgcc --build-id --eh-frame-hdr -m elf_x86_64 --hash-style=gnu --as-needed -dynamic-linker /lib64/ld-linux-x86-64.so.2 -pie -z now -z relro -o cmTC_7de98 /usr/lib/gcc/x86_64-linux-gnu/9/../../../x86_64-linux-gnu/Scrt1.o /usr/lib/gcc/x86_64-linux-gnu/9/../../../x86_64-linux-gnu/crti.o /usr/lib/gcc/x86_64-linux-gnu/9/crtbeginS.o -L/usr/lib/gcc/x86_64-linux-gnu/9 -L/usr/lib/gcc/x86_64-linux-gnu/9/../../../x86_64-linux-gnu -L/usr/lib/gcc/x86_64-linux-gnu/9/../../../../lib -L/lib/x86_64-linux-gnu -L/lib/../lib -L/usr/lib/x86_64-linux-gnu -L/usr/lib/../lib -L/usr/lib/gcc/x86_64-linux-gnu/9/../../.. CMakeFiles/cmTC_7de98.dir/CMakeCXXCompilerABI.cpp.o -lstdc++ -lm -lgcc_s -lgcc -lc -lgcc_s -lgcc /usr/lib/gcc/x86_64-linux-gnu/9/crtendS.o /usr/lib/gcc/x86_64-linux-gnu/9/../../../x86_64-linux-gnu/crtn.o
COLLECT_GCC_OPTIONS='-v' '-o' 'cmTC_7de98' '-shared-libgcc' '-mtune=generic' '-march=x86-64'
make[1]: Leaving directory '/home/kist-robot2/mujoco-2.3.1_source/mujoco-2.3.1/CMakeFiles/CMakeTmp'



Parsed CXX implicit include dir info from above output: rv=done
  found start of include info
  found start of implicit include info
    add: [/usr/include/c++/9]
    add: [/usr/include/x86_64-linux-gnu/c++/9]
    add: [/usr/include/c++/9/backward]
    add: [/usr/lib/gcc/x86_64-linux-gnu/9/include]
    add: [/usr/local/include]
    add: [/usr/include/x86_64-linux-gnu]
    add: [/usr/include]
  end of search list found
  collapse include dir [/usr/include/c++/9] ==> [/usr/include/c++/9]
  collapse include dir [/usr/include/x86_64-linux-gnu/c++/9] ==> [/usr/include/x86_64-linux-gnu/c++/9]
  collapse include dir [/usr/include/c++/9/backward] ==> [/usr/include/c++/9/backward]
  collapse include dir [/usr/lib/gcc/x86_64-linux-gnu/9/include] ==> [/usr/lib/gcc/x86_64-linux-gnu/9/include]
  collapse include dir [/usr/local/include] ==> [/usr/local/include]
  collapse include dir [/usr/include/x86_64-linux-gnu] ==> [/usr/include/x86_64-linux-gnu]
  collapse include dir [/usr/include] ==> [/usr/include]
  implicit include dirs: [/usr/include/c++/9;/usr/include/x86_64-linux-gnu/c++/9;/usr/include/c++/9/backward;/usr/lib/gcc/x86_64-linux-gnu/9/include;/usr/local/include;/usr/include/x86_64-linux-gnu;/usr/include]


Parsed CXX implicit link information from above output:
  link line regex: [^( *|.*[/\])(ld|CMAKE_LINK_STARTFILE-NOTFOUND|([^/\]+-)?ld|collect2)[^/\]*( |$)]
  ignore line: [Change Dir: /home/kist-robot2/mujoco-2.3.1_source/mujoco-2.3.1/CMakeFiles/CMakeTmp]
  ignore line: []
  ignore line: [Run Build Command(s):/usr/bin/make cmTC_7de98/fast && /usr/bin/make -f CMakeFiles/cmTC_7de98.dir/build.make CMakeFiles/cmTC_7de98.dir/build]
  ignore line: [make[1]: Entering directory '/home/kist-robot2/mujoco-2.3.1_source/mujoco-2.3.1/CMakeFiles/CMakeTmp']
  ignore line: [Building CXX object CMakeFiles/cmTC_7de98.dir/CMakeCXXCompilerABI.cpp.o]
  ignore line: [/usr/bin/c++    -v -o CMakeFiles/cmTC_7de98.dir/CMakeCXXCompilerABI.cpp.o -c /usr/share/cmake-3.16/Modules/CMakeCXXCompilerABI.cpp]
  ignore line: [Using built-in specs.]
  ignore line: [COLLECT_GCC=/usr/bin/c++]
  ignore line: [OFFLOAD_TARGET_NAMES=nvptx-none:hsa]
  ignore line: [OFFLOAD_TARGET_DEFAULT=1]
  ignore line: [Target: x86_64-linux-gnu]
  ignore line: [Configured with: ../src/configure -v --with-pkgversion='Ubuntu 9.4.0-1ubuntu1~20.04.1' --with-bugurl=file:///usr/share/doc/gcc-9/README.Bugs --enable-languages=c ada c++ go brig d fortran objc obj-c++ gm2 --prefix=/usr --with-gcc-major-version-only --program-suffix=-9 --program-prefix=x86_64-linux-gnu- --enable-shared --enable-linker-build-id --libexecdir=/usr/lib --without-included-gettext --enable-threads=posix --libdir=/usr/lib --enable-nls --enable-clocale=gnu --enable-libstdcxx-debug --enable-libstdcxx-time=yes --with-default-libstdcxx-abi=new --enable-gnu-unique-object --disable-vtable-verify --enable-plugin --enable-default-pie --with-system-zlib --with-target-system-zlib=auto --enable-objc-gc=auto --enable-multiarch --disable-werror --with-arch-32=i686 --with-abi=m64 --with-multilib-list=m32 m64 mx32 --enable-multilib --with-tune=generic --enable-offload-targets=nvptx-none=/build/gcc-9-Av3uEd/gcc-9-9.4.0/debian/tmp-nvptx/usr hsa --without-cuda-driver --enable-checking=release --build=x86_64-linux-gnu --host=x86_64-linux-gnu --target=x86_64-linux-gnu]
  ignore line: [Thread model: posix]
  ignore line: [gcc version 9.4.0 (Ubuntu 9.4.0-1ubuntu1~20.04.1) ]
  ignore line: [COLLECT_GCC_OPTIONS='-v' '-o' 'CMakeFiles/cmTC_7de98.dir/CMakeCXXCompilerABI.cpp.o' '-c' '-shared-libgcc' '-mtune=generic' '-march=x86-64']
  ignore line: [ /usr/lib/gcc/x86_64-linux-gnu/9/cc1plus -quiet -v -imultiarch x86_64-linux-gnu -D_GNU_SOURCE /usr/share/cmake-3.16/Modules/CMakeCXXCompilerABI.cpp -quiet -dumpbase CMakeCXXCompilerABI.cpp -mtune=generic -march=x86-64 -auxbase-strip CMakeFiles/cmTC_7de98.dir/CMakeCXXCompilerABI.cpp.o -version -fasynchronous-unwind-tables -fstack-protector-strong -Wformat -Wformat-security -fstack-clash-protection -fcf-protection -o /tmp/cc1uli1p.s]
  ignore line: [GNU C++14 (Ubuntu 9.4.0-1ubuntu1~20.04.1) version 9.4.0 (x86_64-linux-gnu)]
  ignore line: [	compiled by GNU C version 9.4.0  GMP version 6.2.0  MPFR version 4.0.2  MPC version 1.1.0  isl version isl-0.22.1-GMP]
  ignore line: []
  ignore line: [GGC heuristics: --param ggc-min-expand=100 --param ggc-min-heapsize=131072]
  ignore line: [ignoring duplicate directory "/usr/include/x86_64-linux-gnu/c++/9"]
  ignore line: [ignoring nonexistent directory "/usr/local/include/x86_64-linux-gnu"]
  ignore line: [ignoring nonexistent directory "/usr/lib/gcc/x86_64-linux-gnu/9/include-fixed"]
  ignore line: [ignoring nonexistent directory "/usr/lib/gcc/x86_64-linux-gnu/9/../../../../x86_64-linux-gnu/include"]
  ignore line: [#include "..." search starts here:]
  ignore line: [#include <...> search starts here:]
  ignore line: [ /usr/include/c++/9]
  ignore line: [ /usr/include/x86_64-linux-gnu/c++/9]
  ignore line: [ /usr/include/c++/9/backward]
  ignore line: [ /usr/lib/gcc/x86_64-linux-gnu/9/include]
  ignore line: [ /usr/local/include]
  ignore line: [ /usr/include/x86_64-linux-gnu]
  ignore line: [ /usr/include]
  ignore line: [End of search list.]
  ignore line: [GNU C++14 (Ubuntu 9.4.0-1ubuntu1~20.04.1) version 9.4.0 (x86_64-linux-gnu)]
  ignore line: [	compiled by GNU C version 9.4.0  GMP version 6.2.0  MPFR version 4.0.2  MPC version 1.1.0  isl version isl-0.22.1-GMP]
  ignore line: []
  ignore line: [GGC heuristics: --param ggc-min-expand=100 --param ggc-min-heapsize=131072]
  ignore line: [Compiler executable checksum: 65fe925b83d3956b533de4aaba7dace0]
  ignore line: [COLLECT_GCC_OPTIONS='-v' '-o' 'CMakeFiles/cmTC_7de98.dir/CMakeCXXCompilerABI.cpp.o' '-c' '-shared-libgcc' '-mtune=generic' '-march=x86-64']
  ignore line: [ as -v --64 -o CMakeFiles/cmTC_7de98.dir/CMakeCXXCompilerABI.cpp.o /tmp/cc1uli1p.s]
  ignore line: [GNU assembler version 2.34 (x86_64-linux-gnu) using BFD version (GNU Binutils for Ubuntu) 2.34]
  ignore line: [COMPILER_PATH=/usr/lib/gcc/x86_64-linux-gnu/9/:/usr/lib/gcc/x86_64-linux-gnu/9/:/usr/lib/gcc/x86_64-linux-gnu/:/usr/lib/gcc/x86_64-linux-gnu/9/:/usr/lib/gcc/x86_64-linux-gnu/]
  ignore line: [LIBRARY_PATH=/usr/lib/gcc/x86_64-linux-gnu/9/:/usr/lib/gcc/x86_64-linux-gnu/9/../../../x86_64-linux-gnu/:/usr/lib/gcc/x86_64-linux-gnu/9/../../../../lib/:/lib/x86_64-linux-gnu/:/lib/../lib/:/usr/lib/x86_64-linux-gnu/:/usr/lib/../lib/:/usr/lib/gcc/x86_64-linux-gnu/9/../../../:/lib/:/usr/lib/]
  ignore line: [COLLECT_GCC_OPTIONS='-v' '-o' 'CMakeFiles/cmTC_7de98.dir/CMakeCXXCompilerABI.cpp.o' '-c' '-shared-libgcc' '-mtune=generic' '-march=x86-64']
  ignore line: [Linking CXX executable cmTC_7de98]
  ignore line: [/usr/bin/cmake -E cmake_link_script CMakeFiles/cmTC_7de98.dir/link.txt --verbose=1]
  ignore line: [/usr/bin/c++      -v CMakeFiles/cmTC_7de98.dir/CMakeCXXCompilerABI.cpp.o  -o cmTC_7de98 ]
  ignore line: [Using built-in specs.]
  ignore line: [COLLECT_GCC=/usr/bin/c++]
  ignore line: [COLLECT_LTO_WRAPPER=/usr/lib/gcc/x86_64-linux-gnu/9/lto-wrapper]
  ignore line: [OFFLOAD_TARGET_NAMES=nvptx-none:hsa]
  ignore line: [OFFLOAD_TARGET_DEFAULT=1]
  ignore line: [Target: x86_64-linux-gnu]
  ignore line: [Configured with: ../src/configure -v --with-pkgversion='Ubuntu 9.4.0-1ubuntu1~20.04.1' --with-bugurl=file:///usr/share/doc/gcc-9/README.Bugs --enable-languages=c ada c++ go brig d fortran objc obj-c++ gm2 --prefix=/usr --with-gcc-major-version-only --program-suffix=-9 --program-prefix=x86_64-linux-gnu- --enable-shared --enable-linker-build-id --libexecdir=/usr/lib --without-included-gettext --enable-threads=posix --libdir=/usr/lib --enable-nls --enable-clocale=gnu --enable-libstdcxx-debug --enable-libstdcxx-time=yes --with-default-libstdcxx-abi=new --enable-gnu-unique-object --disable-vtable-verify --enable-plugin --enable-default-pie --with-system-zlib --with-target-system-zlib=auto --enable-objc-gc=auto --enable-multiarch --disable-werror --with-arch-32=i686 --with-abi=m64 --with-multilib-list=m32 m64 mx32 --enable-multilib --with-tune=generic --enable-offload-targets=nvptx-none=/build/gcc-9-Av3uEd/gcc-9-9.4.0/debian/tmp-nvptx/usr hsa --without-cuda-driver --enable-checking=release --build=x86_64-linux-gnu --host=x86_64-linux-gnu --target=x86_64-linux-gnu]
  ignore line: [Thread model: posix]
  ignore line: [gcc version 9.4.0 (Ubuntu 9.4.0-1ubuntu1~20.04.1) ]
  ignore line: [COMPILER_PATH=/usr/lib/gcc/x86_64-linux-gnu/9/:/usr/lib/gcc/x86_64-linux-gnu/9/:/usr/lib/gcc/x86_64-linux-gnu/:/usr/lib/gcc/x86_64-linux-gnu/9/:/usr/lib/gcc/x86_64-linux-gnu/]
  ignore line: [LIBRARY_PATH=/usr/lib/gcc/x86_64-linux-gnu/9/:/usr/lib/gcc/x86_64-linux-gnu/9/../../../x86_64-linux-gnu/:/usr/lib/gcc/x86_64-linux-gnu/9/../../../../lib/:/lib/x86_64-linux-gnu/:/lib/../lib/:/usr/lib/x86_64-linux-gnu/:/usr/lib/../lib/:/usr/lib/gcc/x86_64-linux-gnu/9/../../../:/lib/:/usr/lib/]
  ignore line: [COLLECT_GCC_OPTIONS='-v' '-o' 'cmTC_7de98' '-shared-libgcc' '-mtune=generic' '-march=x86-64']
  link line: [ /usr/lib/gcc/x86_64-linux-gnu/9/collect2 -plugin /usr/lib/gcc/x86_64-linux-gnu/9/liblto_plugin.so -plugin-opt=/usr/lib/gcc/x86_64-linux-gnu/9/lto-wrapper -plugin-opt=-fresolution=/tmp/cc2QgLeW.res -plugin-opt=-pass-through=-lgcc_s -plugin-opt=-pass-through=-lgcc -plugin-opt=-pass-through=-lc -plugin-opt=-pass-through=-lgcc_s -plugin-opt=-pass-through=-lgcc --build-id --eh-frame-hdr -m elf_x86_64 --hash-style=gnu --as-needed -dynamic-linker /lib64/ld-linux-x86-64.so.2 -pie -z now -z relro -o cmTC_7de98 /usr/lib/gcc/x86_64-linux-gnu/9/../../../x86_64-linux-gnu/Scrt1.o /usr/lib/gcc/x86_64-linux-gnu/9/../../../x86_64-linux-gnu/crti.o /usr/lib/gcc/x86_64-linux-gnu/9/crtbeginS.o -L/usr/lib/gcc/x86_64-linux-gnu/9 -L/usr/lib/gcc/x86_64-linux-gnu/9/../../../x86_64-linux-gnu -L/usr/lib/gcc/x86_64-linux-gnu/9/../../../../lib -L/lib/x86_64-linux-gnu -L/lib/../lib -L/usr/lib/x86_64-linux-gnu -L/usr/lib/../lib -L/usr/lib/gcc/x86_64-linux-gnu/9/../../.. CMakeFiles/cmTC_7de98.dir/CMakeCXXCompilerABI.cpp.o -lstdc++ -lm -lgcc_s -lgcc -lc -lgcc_s -lgcc /usr/lib/gcc/x86_64-linux-gnu/9/crtendS.o /usr/lib/gcc/x86_64-linux-gnu/9/../../../x86_64-linux-gnu/crtn.o]
    arg [/usr/lib/gcc/x86_64-linux-gnu/9/collect2] ==> ignore
    arg [-plugin] ==> ignore
    arg [/usr/lib/gcc/x86_64-linux-gnu/9/liblto_plugin.so] ==> ignore
    arg [-plugin-opt=/usr/lib/gcc/x86_64-linux-gnu/9/lto-wrapper] ==> ignore
    arg [-plugin-opt=-fresolution=/tmp/cc2QgLeW.res] ==> ignore
    arg [-plugin-opt=-pass-through=-lgcc_s] ==> ignore
    arg [-plugin-opt=-pass-through=-lgcc] ==> ignore
    arg [-plugin-opt=-pass-through=-lc] ==> ignore
    arg [-plugin-opt=-pass-through=-lgcc_s] ==> ignore
    arg [-plugin-opt=-pass-through=-lgcc] ==> ignore
    arg [--build-id] ==> ignore
    arg [--eh-frame-hdr] ==> ignore
    arg [-m] ==> ignore
    arg [elf_x86_64] ==> ignore
    arg [--hash-style=gnu] ==> ignore
    arg [--as-needed] ==> ignore
    arg [-dynamic-linker] ==> ignore
    arg [/lib64/ld-linux-x86-64.so.2] ==> ignore
    arg [-pie] ==> ignore
    arg [-znow] ==> ignore
    arg [-zrelro] ==> ignore
    arg [-o] ==> ignore
    arg [cmTC_7de98] ==> ignore
    arg [/usr/lib/gcc/x86_64-linux-gnu/9/../../../x86_64-linux-gnu/Scrt1.o] ==> ignore
    arg [/usr/lib/gcc/x86_64-linux-gnu/9/../../../x86_64-linux-gnu/crti.o] ==> ignore
    arg [/usr/lib/gcc/x86_64-linux-gnu/9/crtbeginS.o] ==> ignore
    arg [-L/usr/lib/gcc/x86_64-linux-gnu/9] ==> dir [/usr/lib/gcc/x86_64-linux-gnu/9]
    arg [-L/usr/lib/gcc/x86_64-linux-gnu/9/../../../x86_64-linux-gnu] ==> dir [/usr/lib/gcc/x86_64-linux-gnu/9/../../../x86_64-linux-gnu]
    arg [-L/usr/lib/gcc/x86_64-linux-gnu/9/../../../../lib] ==> dir [/usr/lib/gcc/x86_64-linux-gnu/9/../../../../lib]
    arg [-L/lib/x86_64-linux-gnu] ==> dir [/lib/x86_64-linux-gnu]
    arg [-L/lib/../lib] ==> dir [/lib/../lib]
    arg [-L/usr/lib/x86_64-linux-gnu] ==> dir [/usr/lib/x86_64-linux-gnu]
    arg [-L/usr/lib/../lib] ==> dir [/usr/lib/../lib]
    arg [-L/usr/lib/gcc/x86_64-linux-gnu/9/../../..] ==> dir [/usr/lib/gcc/x86_64-linux-gnu/9/../../..]
    arg [CMakeFiles/cmTC_7de98.dir/CMakeCXXCompilerABI.cpp.o] ==> ignore
    arg [-lstdc++] ==> lib [stdc++]
    arg [-lm] ==> lib [m]
    arg [-lgcc_s] ==> lib [gcc_s]
    arg [-lgcc] ==> lib [gcc]
    arg [-lc] ==> lib [c]
    arg [-lgcc_s] ==> lib [gcc_s]
    arg [-lgcc] ==> lib [gcc]
    arg [/usr/lib/gcc/x86_64-linux-gnu/9/crtendS.o] ==> ignore
    arg [/usr/lib/gcc/x86_64-linux-gnu/9/../../../x86_64-linux-gnu/crtn.o] ==> ignore
  collapse library dir [/usr/lib/gcc/x86_64-linux-gnu/9] ==> [/usr/lib/gcc/x86_64-linux-gnu/9]
  collapse library dir [/usr/lib/gcc/x86_64-linux-gnu/9/../../../x86_64-linux-gnu] ==> [/usr/lib/x86_64-linux-gnu]
  collapse library dir [/usr/lib/gcc/x86_64-linux-gnu/9/../../../../lib] ==> [/usr/lib]
  collapse library dir [/lib/x86_64-linux-gnu] ==> [/lib/x86_64-linux-gnu]
  collapse library dir [/lib/../lib] ==> [/lib]
  collapse library dir [/usr/lib/x86_64-linux-gnu] ==> [/usr/lib/x86_64-linux-gnu]
  collapse library dir [/usr/lib/../lib] ==> [/usr/lib]
  collapse library dir [/usr/lib/gcc/x86_64-linux-gnu/9/../../..] ==> [/usr/lib]
  implicit libs: [stdc++;m;gcc_s;gcc;c;gcc_s;gcc]
  implicit dirs: [/usr/lib/gcc/x86_64-linux-gnu/9;/usr/lib/x86_64-linux-gnu;/usr/lib;/lib/x86_64-linux-gnu;/lib]
  implicit fwks: []


Performing C SOURCE FILE Test CAN_BUILD_AVX succeeded with the following output:
Change Dir: /home/kist-robot2/mujoco-2.3.1_source/mujoco-2.3.1/CMakeFiles/CMakeTmp

Run Build Command(s):/usr/bin/make cmTC_a98b6/fast && /usr/bin/make -f CMakeFiles/cmTC_a98b6.dir/build.make CMakeFiles/cmTC_a98b6.dir/build
make[1]: Entering directory '/home/kist-robot2/mujoco-2.3.1_source/mujoco-2.3.1/CMakeFiles/CMakeTmp'
Building C object CMakeFiles/cmTC_a98b6.dir/src.c.o
/usr/bin/cc   -DCAN_BUILD_AVX -mavx -fPIE   -std=c11 -o CMakeFiles/cmTC_a98b6.dir/src.c.o   -c /home/kist-robot2/mujoco-2.3.1_source/mujoco-2.3.1/CMakeFiles/CMakeTmp/src.c
Linking C executable cmTC_a98b6
/usr/bin/cmake -E cmake_link_script CMakeFiles/cmTC_a98b6.dir/link.txt --verbose=1
/usr/bin/cc  -DCAN_BUILD_AVX -mavx    CMakeFiles/cmTC_a98b6.dir/src.c.o  -o cmTC_a98b6 
make[1]: Leaving directory '/home/kist-robot2/mujoco-2.3.1_source/mujoco-2.3.1/CMakeFiles/CMakeTmp'


Source file was:

      #include <immintrin.h>
      int main(int argc, char* argv[]) {
        __m256d ymm;
        return 0;
      }
    
Performing C SOURCE FILE Test SUPPORTS_GOLD succeeded with the following output:
Change Dir: /home/kist-robot2/mujoco-2.3.1_source/mujoco-2.3.1/CMakeFiles/CMakeTmp

Run Build Command(s):/usr/bin/make cmTC_4471d/fast && /usr/bin/make -f CMakeFiles/cmTC_4471d.dir/build.make CMakeFiles/cmTC_4471d.dir/build
make[1]: Entering directory '/home/kist-robot2/mujoco-2.3.1_source/mujoco-2.3.1/CMakeFiles/CMakeTmp'
Building C object CMakeFiles/cmTC_4471d.dir/src.c.o
/usr/bin/cc   -DSUPPORTS_GOLD -fuse-ld=gold -fPIE   -std=c11 -o CMakeFiles/cmTC_4471d.dir/src.c.o   -c /home/kist-robot2/mujoco-2.3.1_source/mujoco-2.3.1/CMakeFiles/CMakeTmp/src.c
Linking C executable cmTC_4471d
/usr/bin/cmake -E cmake_link_script CMakeFiles/cmTC_4471d.dir/link.txt --verbose=1
/usr/bin/cc  -DSUPPORTS_GOLD -fuse-ld=gold    CMakeFiles/cmTC_4471d.dir/src.c.o  -o cmTC_4471d 
make[1]: Leaving directory '/home/kist-robot2/mujoco-2.3.1_source/mujoco-2.3.1/CMakeFiles/CMakeTmp'


Source file was:
int main() {}
Performing C SOURCE FILE Test SUPPORTS_GC_SECTIONS succeeded with the following output:
Change Dir: /home/kist-robot2/mujoco-2.3.1_source/mujoco-2.3.1/CMakeFiles/CMakeTmp

Run Build Command(s):/usr/bin/make cmTC_7d86f/fast && /usr/bin/make -f CMakeFiles/cmTC_7d86f.dir/build.make CMakeFiles/cmTC_7d86f.dir/build
make[1]: Entering directory '/home/kist-robot2/mujoco-2.3.1_source/mujoco-2.3.1/CMakeFiles/CMakeTmp'
Building C object CMakeFiles/cmTC_7d86f.dir/src.c.o
/usr/bin/cc   -DSUPPORTS_GC_SECTIONS -fuse-ld=gold -fPIE   -std=c11 -o CMakeFiles/cmTC_7d86f.dir/src.c.o   -c /home/kist-robot2/mujoco-2.3.1_source/mujoco-2.3.1/CMakeFiles/CMakeTmp/src.c
Linking C executable cmTC_7d86f
/usr/bin/cmake -E cmake_link_script CMakeFiles/cmTC_7d86f.dir/link.txt --verbose=1
/usr/bin/cc  -DSUPPORTS_GC_SECTIONS -fuse-ld=gold    CMakeFiles/cmTC_7d86f.dir/src.c.o  -o cmTC_7d86f 
make[1]: Leaving directory '/home/kist-robot2/mujoco-2.3.1_source/mujoco-2.3.1/CMakeFiles/CMakeTmp'


Source file was:
int main() {}
Determining if the include file sys/types.h exists passed with the following output:
Change Dir: /home/kist-robot2/mujoco-2.3.1_source/mujoco-2.3.1/CMakeFiles/CMakeTmp

Run Build Command(s):/usr/bin/make cmTC_ce515/fast && /usr/bin/make -f CMakeFiles/cmTC_ce515.dir/build.make CMakeFiles/cmTC_ce515.dir/build
make[1]: Entering directory '/home/kist-robot2/mujoco-2.3.1_source/mujoco-2.3.1/CMakeFiles/CMakeTmp'
Building C object CMakeFiles/cmTC_ce515.dir/CheckIncludeFile.c.o
/usr/bin/cc -D_FILE_OFFSET_BITS=64 -D_LARGEFILE_SOURCE -D_LARGE_FILES -D__STDC_CONSTANT_MACROS -D__STDC_FORMAT_MACROS -D__STDC_LIMIT_MACROS  -fPIE   -o CMakeFiles/cmTC_ce515.dir/CheckIncludeFile.c.o   -c /home/kist-robot2/mujoco-2.3.1_source/mujoco-2.3.1/CMakeFiles/CMakeTmp/CheckIncludeFile.c
Linking C executable cmTC_ce515
/usr/bin/cmake -E cmake_link_script CMakeFiles/cmTC_ce515.dir/link.txt --verbose=1
/usr/bin/cc      -rdynamic CMakeFiles/cmTC_ce515.dir/CheckIncludeFile.c.o  -o cmTC_ce515 
make[1]: Leaving directory '/home/kist-robot2/mujoco-2.3.1_source/mujoco-2.3.1/CMakeFiles/CMakeTmp'



Determining if the include file inttypes.h exists passed with the following output:
Change Dir: /home/kist-robot2/mujoco-2.3.1_source/mujoco-2.3.1/CMakeFiles/CMakeTmp

Run Build Command(s):/usr/bin/make cmTC_2dbf2/fast && /usr/bin/make -f CMakeFiles/cmTC_2dbf2.dir/build.make CMakeFiles/cmTC_2dbf2.dir/build
make[1]: Entering directory '/home/kist-robot2/mujoco-2.3.1_source/mujoco-2.3.1/CMakeFiles/CMakeTmp'
Building C object CMakeFiles/cmTC_2dbf2.dir/CheckIncludeFile.c.o
/usr/bin/cc -D_FILE_OFFSET_BITS=64 -D_LARGEFILE_SOURCE -D_LARGE_FILES -D__STDC_CONSTANT_MACROS -D__STDC_FORMAT_MACROS -D__STDC_LIMIT_MACROS  -fPIE   -o CMakeFiles/cmTC_2dbf2.dir/CheckIncludeFile.c.o   -c /home/kist-robot2/mujoco-2.3.1_source/mujoco-2.3.1/CMakeFiles/CMakeTmp/CheckIncludeFile.c
Linking C executable cmTC_2dbf2
/usr/bin/cmake -E cmake_link_script CMakeFiles/cmTC_2dbf2.dir/link.txt --verbose=1
/usr/bin/cc      -rdynamic CMakeFiles/cmTC_2dbf2.dir/CheckIncludeFile.c.o  -o cmTC_2dbf2 
make[1]: Leaving directory '/home/kist-robot2/mujoco-2.3.1_source/mujoco-2.3.1/CMakeFiles/CMakeTmp'



Determining if the include file stddef.h exists passed with the following output:
Change Dir: /home/kist-robot2/mujoco-2.3.1_source/mujoco-2.3.1/CMakeFiles/CMakeTmp

Run Build Command(s):/usr/bin/make cmTC_f38bf/fast && /usr/bin/make -f CMakeFiles/cmTC_f38bf.dir/build.make CMakeFiles/cmTC_f38bf.dir/build
make[1]: Entering directory '/home/kist-robot2/mujoco-2.3.1_source/mujoco-2.3.1/CMakeFiles/CMakeTmp'
Building C object CMakeFiles/cmTC_f38bf.dir/CheckIncludeFile.c.o
/usr/bin/cc -D_FILE_OFFSET_BITS=64 -D_LARGEFILE_SOURCE -D_LARGE_FILES -D__STDC_CONSTANT_MACROS -D__STDC_FORMAT_MACROS -D__STDC_LIMIT_MACROS  -fPIE   -o CMakeFiles/cmTC_f38bf.dir/CheckIncludeFile.c.o   -c /home/kist-robot2/mujoco-2.3.1_source/mujoco-2.3.1/CMakeFiles/CMakeTmp/CheckIncludeFile.c
Linking C executable cmTC_f38bf
/usr/bin/cmake -E cmake_link_script CMakeFiles/cmTC_f38bf.dir/link.txt --verbose=1
/usr/bin/cc      -rdynamic CMakeFiles/cmTC_f38bf.dir/CheckIncludeFile.c.o  -o cmTC_f38bf 
make[1]: Leaving directory '/home/kist-robot2/mujoco-2.3.1_source/mujoco-2.3.1/CMakeFiles/CMakeTmp'



Determining if the include file stdint.h exists passed with the following output:
Change Dir: /home/kist-robot2/mujoco-2.3.1_source/mujoco-2.3.1/CMakeFiles/CMakeTmp

Run Build Command(s):/usr/bin/make cmTC_3a7f7/fast && /usr/bin/make -f CMakeFiles/cmTC_3a7f7.dir/build.make CMakeFiles/cmTC_3a7f7.dir/build
make[1]: Entering directory '/home/kist-robot2/mujoco-2.3.1_source/mujoco-2.3.1/CMakeFiles/CMakeTmp'
Building C object CMakeFiles/cmTC_3a7f7.dir/CheckIncludeFile.c.o
/usr/bin/cc -D_FILE_OFFSET_BITS=64 -D_LARGEFILE_SOURCE -D_LARGE_FILES -D__STDC_CONSTANT_MACROS -D__STDC_FORMAT_MACROS -D__STDC_LIMIT_MACROS  -fPIE   -o CMakeFiles/cmTC_3a7f7.dir/CheckIncludeFile.c.o   -c /home/kist-robot2/mujoco-2.3.1_source/mujoco-2.3.1/CMakeFiles/CMakeTmp/CheckIncludeFile.c
Linking C executable cmTC_3a7f7
/usr/bin/cmake -E cmake_link_script CMakeFiles/cmTC_3a7f7.dir/link.txt --verbose=1
/usr/bin/cc      -rdynamic CMakeFiles/cmTC_3a7f7.dir/CheckIncludeFile.c.o  -o cmTC_3a7f7 
make[1]: Leaving directory '/home/kist-robot2/mujoco-2.3.1_source/mujoco-2.3.1/CMakeFiles/CMakeTmp'



Determining size of off_t passed with the following output:
Change Dir: /home/kist-robot2/mujoco-2.3.1_source/mujoco-2.3.1/CMakeFiles/CMakeTmp

Run Build Command(s):/usr/bin/make cmTC_a7a26/fast && /usr/bin/make -f CMakeFiles/cmTC_a7a26.dir/build.make CMakeFiles/cmTC_a7a26.dir/build
make[1]: Entering directory '/home/kist-robot2/mujoco-2.3.1_source/mujoco-2.3.1/CMakeFiles/CMakeTmp'
Building C object CMakeFiles/cmTC_a7a26.dir/SIZEOF_OFF_T.c.o
/usr/bin/cc -D_FILE_OFFSET_BITS=64 -D_LARGEFILE_SOURCE -D_LARGE_FILES -D__STDC_CONSTANT_MACROS -D__STDC_FORMAT_MACROS -D__STDC_LIMIT_MACROS  -fPIE   -o CMakeFiles/cmTC_a7a26.dir/SIZEOF_OFF_T.c.o   -c /home/kist-robot2/mujoco-2.3.1_source/mujoco-2.3.1/CMakeFiles/CheckTypeSize/SIZEOF_OFF_T.c
Linking C executable cmTC_a7a26
/usr/bin/cmake -E cmake_link_script CMakeFiles/cmTC_a7a26.dir/link.txt --verbose=1
/usr/bin/cc      -rdynamic CMakeFiles/cmTC_a7a26.dir/SIZEOF_OFF_T.c.o  -o cmTC_a7a26 
make[1]: Leaving directory '/home/kist-robot2/mujoco-2.3.1_source/mujoco-2.3.1/CMakeFiles/CMakeTmp'



Determining if the fseeko exist passed with the following output:
Change Dir: /home/kist-robot2/mujoco-2.3.1_source/mujoco-2.3.1/CMakeFiles/CMakeTmp

Run Build Command(s):/usr/bin/make cmTC_a7fec/fast && /usr/bin/make -f CMakeFiles/cmTC_a7fec.dir/build.make CMakeFiles/cmTC_a7fec.dir/build
make[1]: Entering directory '/home/kist-robot2/mujoco-2.3.1_source/mujoco-2.3.1/CMakeFiles/CMakeTmp'
Building C object CMakeFiles/cmTC_a7fec.dir/CheckSymbolExists.c.o
/usr/bin/cc -D_FILE_OFFSET_BITS=64 -D_LARGEFILE_SOURCE -D_LARGE_FILES -D__STDC_CONSTANT_MACROS -D__STDC_FORMAT_MACROS -D__STDC_LIMIT_MACROS  -fPIE   -o CMakeFiles/cmTC_a7fec.dir/CheckSymbolExists.c.o   -c /home/kist-robot2/mujoco-2.3.1_source/mujoco-2.3.1/CMakeFiles/CMakeTmp/CheckSymbolExists.c
Linking C executable cmTC_a7fec
/usr/bin/cmake -E cmake_link_script CMakeFiles/cmTC_a7fec.dir/link.txt --verbose=1
/usr/bin/cc      -rdynamic CMakeFiles/cmTC_a7fec.dir/CheckSymbolExists.c.o  -o cmTC_a7fec 
make[1]: Leaving directory '/home/kist-robot2/mujoco-2.3.1_source/mujoco-2.3.1/CMakeFiles/CMakeTmp'


File /home/kist-robot2/mujoco-2.3.1_source/mujoco-2.3.1/CMakeFiles/CMakeTmp/CheckSymbolExists.c:
/* */
#include <stdio.h>

int main(int argc, char** argv)
{
  (void)argv;
#ifndef fseeko
  return ((int*)(&fseeko))[argc];
#else
  (void)argc;
  return 0;
#endif
}
Determining if the ftello exist passed with the following output:
Change Dir: /home/kist-robot2/mujoco-2.3.1_source/mujoco-2.3.1/CMakeFiles/CMakeTmp

Run Build Command(s):/usr/bin/make cmTC_df890/fast && /usr/bin/make -f CMakeFiles/cmTC_df890.dir/build.make CMakeFiles/cmTC_df890.dir/build
make[1]: Entering directory '/home/kist-robot2/mujoco-2.3.1_source/mujoco-2.3.1/CMakeFiles/CMakeTmp'
Building C object CMakeFiles/cmTC_df890.dir/CheckSymbolExists.c.o
/usr/bin/cc -D_FILE_OFFSET_BITS=64 -D_LARGEFILE_SOURCE -D_LARGE_FILES -D__STDC_CONSTANT_MACROS -D__STDC_FORMAT_MACROS -D__STDC_LIMIT_MACROS  -fPIE   -o CMakeFiles/cmTC_df890.dir/CheckSymbolExists.c.o   -c /home/kist-robot2/mujoco-2.3.1_source/mujoco-2.3.1/CMakeFiles/CMakeTmp/CheckSymbolExists.c
Linking C executable cmTC_df890
/usr/bin/cmake -E cmake_link_script CMakeFiles/cmTC_df890.dir/link.txt --verbose=1
/usr/bin/cc      -rdynamic CMakeFiles/cmTC_df890.dir/CheckSymbolExists.c.o  -o cmTC_df890 
make[1]: Leaving directory '/home/kist-robot2/mujoco-2.3.1_source/mujoco-2.3.1/CMakeFiles/CMakeTmp'


File /home/kist-robot2/mujoco-2.3.1_source/mujoco-2.3.1/CMakeFiles/CMakeTmp/CheckSymbolExists.c:
/* */
#include <stdio.h>

int main(int argc, char** argv)
{
  (void)argv;
#ifndef ftello
  return ((int*)(&ftello))[argc];
#else
  (void)argc;
  return 0;
#endif
}
Determining if the PRIdMAX exist passed with the following output:
Change Dir: /home/kist-robot2/mujoco-2.3.1_source/mujoco-2.3.1/CMakeFiles/CMakeTmp

Run Build Command(s):/usr/bin/make cmTC_01822/fast && /usr/bin/make -f CMakeFiles/cmTC_01822.dir/build.make CMakeFiles/cmTC_01822.dir/build
make[1]: Entering directory '/home/kist-robot2/mujoco-2.3.1_source/mujoco-2.3.1/CMakeFiles/CMakeTmp'
Building C object CMakeFiles/cmTC_01822.dir/CheckSymbolExists.c.o
/usr/bin/cc -D_FILE_OFFSET_BITS=64 -D_LARGEFILE_SOURCE -D_LARGE_FILES -D__STDC_CONSTANT_MACROS -D__STDC_FORMAT_MACROS -D__STDC_LIMIT_MACROS  -fPIE   -o CMakeFiles/cmTC_01822.dir/CheckSymbolExists.c.o   -c /home/kist-robot2/mujoco-2.3.1_source/mujoco-2.3.1/CMakeFiles/CMakeTmp/CheckSymbolExists.c
Linking C executable cmTC_01822
/usr/bin/cmake -E cmake_link_script CMakeFiles/cmTC_01822.dir/link.txt --verbose=1
/usr/bin/cc      -rdynamic CMakeFiles/cmTC_01822.dir/CheckSymbolExists.c.o  -o cmTC_01822 
make[1]: Leaving directory '/home/kist-robot2/mujoco-2.3.1_source/mujoco-2.3.1/CMakeFiles/CMakeTmp'


File /home/kist-robot2/mujoco-2.3.1_source/mujoco-2.3.1/CMakeFiles/CMakeTmp/CheckSymbolExists.c:
/* */
#include <inttypes.h>

int main(int argc, char** argv)
{
  (void)argv;
#ifndef PRIdMAX
  return ((int*)(&PRIdMAX))[argc];
#else
  (void)argc;
  return 0;
#endif
}
Performing C++ SOURCE FILE Test COMPILER_SUPPORTS_VISIBILITY succeeded with the following output:
Change Dir: /home/kist-robot2/mujoco-2.3.1_source/mujoco-2.3.1/CMakeFiles/CMakeTmp

Run Build Command(s):/usr/bin/make cmTC_0d701/fast && /usr/bin/make -f CMakeFiles/cmTC_0d701.dir/build.make CMakeFiles/cmTC_0d701.dir/build
make[1]: Entering directory '/home/kist-robot2/mujoco-2.3.1_source/mujoco-2.3.1/CMakeFiles/CMakeTmp'
Building CXX object CMakeFiles/cmTC_0d701.dir/src.cxx.o
/usr/bin/c++    -DCOMPILER_SUPPORTS_VISIBILITY -fPIE   -fvisibility=hidden -o CMakeFiles/cmTC_0d701.dir/src.cxx.o -c /home/kist-robot2/mujoco-2.3.1_source/mujoco-2.3.1/CMakeFiles/CMakeTmp/src.cxx
Linking CXX executable cmTC_0d701
/usr/bin/cmake -E cmake_link_script CMakeFiles/cmTC_0d701.dir/link.txt --verbose=1
/usr/bin/c++   -DCOMPILER_SUPPORTS_VISIBILITY    -rdynamic CMakeFiles/cmTC_0d701.dir/src.cxx.o  -o cmTC_0d701 
make[1]: Leaving directory '/home/kist-robot2/mujoco-2.3.1_source/mujoco-2.3.1/CMakeFiles/CMakeTmp'


Source file was:
int main() { return 0; }
Determining if the include file pthread.h exists passed with the following output:
Change Dir: /home/kist-robot2/mujoco-2.3.1_source/mujoco-2.3.1/CMakeFiles/CMakeTmp

Run Build Command(s):/usr/bin/make cmTC_90cfc/fast && /usr/bin/make -f CMakeFiles/cmTC_90cfc.dir/build.make CMakeFiles/cmTC_90cfc.dir/build
make[1]: Entering directory '/home/kist-robot2/mujoco-2.3.1_source/mujoco-2.3.1/CMakeFiles/CMakeTmp'
Building C object CMakeFiles/cmTC_90cfc.dir/CheckIncludeFile.c.o
/usr/bin/cc   -fPIE   -o CMakeFiles/cmTC_90cfc.dir/CheckIncludeFile.c.o   -c /home/kist-robot2/mujoco-2.3.1_source/mujoco-2.3.1/CMakeFiles/CMakeTmp/CheckIncludeFile.c
Linking C executable cmTC_90cfc
/usr/bin/cmake -E cmake_link_script CMakeFiles/cmTC_90cfc.dir/link.txt --verbose=1
/usr/bin/cc      -rdynamic CMakeFiles/cmTC_90cfc.dir/CheckIncludeFile.c.o  -o cmTC_90cfc 
make[1]: Leaving directory '/home/kist-robot2/mujoco-2.3.1_source/mujoco-2.3.1/CMakeFiles/CMakeTmp'



Determining if the function pthread_create exists in the pthread passed with the following output:
Change Dir: /home/kist-robot2/mujoco-2.3.1_source/mujoco-2.3.1/CMakeFiles/CMakeTmp

Run Build Command(s):/usr/bin/make cmTC_d4f59/fast && /usr/bin/make -f CMakeFiles/cmTC_d4f59.dir/build.make CMakeFiles/cmTC_d4f59.dir/build
make[1]: Entering directory '/home/kist-robot2/mujoco-2.3.1_source/mujoco-2.3.1/CMakeFiles/CMakeTmp'
Building C object CMakeFiles/cmTC_d4f59.dir/CheckFunctionExists.c.o
/usr/bin/cc   -DCHECK_FUNCTION_EXISTS=pthread_create -fPIE   -o CMakeFiles/cmTC_d4f59.dir/CheckFunctionExists.c.o   -c /usr/share/cmake-3.16/Modules/CheckFunctionExists.c
Linking C executable cmTC_d4f59
/usr/bin/cmake -E cmake_link_script CMakeFiles/cmTC_d4f59.dir/link.txt --verbose=1
/usr/bin/cc  -DCHECK_FUNCTION_EXISTS=pthread_create    CMakeFiles/cmTC_d4f59.dir/CheckFunctionExists.c.o  -o cmTC_d4f59  -lpthread 
make[1]: Leaving directory '/home/kist-robot2/mujoco-2.3.1_source/mujoco-2.3.1/CMakeFiles/CMakeTmp'



Determining if the function shm_open exists in the rt passed with the following output:
Change Dir: /home/kist-robot2/mujoco-2.3.1_source/mujoco-2.3.1/CMakeFiles/CMakeTmp

Run Build Command(s):/usr/bin/make cmTC_7096c/fast && /usr/bin/make -f CMakeFiles/cmTC_7096c.dir/build.make CMakeFiles/cmTC_7096c.dir/build
make[1]: Entering directory '/home/kist-robot2/mujoco-2.3.1_source/mujoco-2.3.1/CMakeFiles/CMakeTmp'
Building C object CMakeFiles/cmTC_7096c.dir/CheckFunctionExists.c.o
/usr/bin/cc   -DCHECK_FUNCTION_EXISTS=shm_open -fPIE   -o CMakeFiles/cmTC_7096c.dir/CheckFunctionExists.c.o   -c /usr/share/cmake-3.16/Modules/CheckFunctionExists.c
Linking C executable cmTC_7096c
/usr/bin/cmake -E cmake_link_script CMakeFiles/cmTC_7096c.dir/link.txt --verbose=1
/usr/bin/cc  -DCHECK_FUNCTION_EXISTS=shm_open    CMakeFiles/cmTC_7096c.dir/CheckFunctionExists.c.o  -o cmTC_7096c  -lrt 
make[1]: Leaving directory '/home/kist-robot2/mujoco-2.3.1_source/mujoco-2.3.1/CMakeFiles/CMakeTmp'



Performing C++ SOURCE FILE Test HAVE_CXX_FLAG_WALL succeeded with the following output:
Change Dir: /home/kist-robot2/mujoco-2.3.1_source/mujoco-2.3.1/CMakeFiles/CMakeTmp

Run Build Command(s):/usr/bin/make cmTC_c94c7/fast && /usr/bin/make -f CMakeFiles/cmTC_c94c7.dir/build.make CMakeFiles/cmTC_c94c7.dir/build
make[1]: Entering directory '/home/kist-robot2/mujoco-2.3.1_source/mujoco-2.3.1/CMakeFiles/CMakeTmp'
Building CXX object CMakeFiles/cmTC_c94c7.dir/src.cxx.o
/usr/bin/c++    -DHAVE_CXX_FLAG_WALL  -Wall -fPIE   -Wall -o CMakeFiles/cmTC_c94c7.dir/src.cxx.o -c /home/kist-robot2/mujoco-2.3.1_source/mujoco-2.3.1/CMakeFiles/CMakeTmp/src.cxx
Linking CXX executable cmTC_c94c7
/usr/bin/cmake -E cmake_link_script CMakeFiles/cmTC_c94c7.dir/link.txt --verbose=1
/usr/bin/c++   -DHAVE_CXX_FLAG_WALL  -Wall    -rdynamic CMakeFiles/cmTC_c94c7.dir/src.cxx.o  -o cmTC_c94c7 
make[1]: Leaving directory '/home/kist-robot2/mujoco-2.3.1_source/mujoco-2.3.1/CMakeFiles/CMakeTmp'


Source file was:
int main() { return 0; }
Performing C++ SOURCE FILE Test HAVE_CXX_FLAG_WEXTRA succeeded with the following output:
Change Dir: /home/kist-robot2/mujoco-2.3.1_source/mujoco-2.3.1/CMakeFiles/CMakeTmp

Run Build Command(s):/usr/bin/make cmTC_7295f/fast && /usr/bin/make -f CMakeFiles/cmTC_7295f.dir/build.make CMakeFiles/cmTC_7295f.dir/build
make[1]: Entering directory '/home/kist-robot2/mujoco-2.3.1_source/mujoco-2.3.1/CMakeFiles/CMakeTmp'
Building CXX object CMakeFiles/cmTC_7295f.dir/src.cxx.o
/usr/bin/c++    -Wall -DHAVE_CXX_FLAG_WEXTRA  -Wextra -fPIE   -Wextra -o CMakeFiles/cmTC_7295f.dir/src.cxx.o -c /home/kist-robot2/mujoco-2.3.1_source/mujoco-2.3.1/CMakeFiles/CMakeTmp/src.cxx
Linking CXX executable cmTC_7295f
/usr/bin/cmake -E cmake_link_script CMakeFiles/cmTC_7295f.dir/link.txt --verbose=1
/usr/bin/c++    -Wall -DHAVE_CXX_FLAG_WEXTRA  -Wextra    -rdynamic CMakeFiles/cmTC_7295f.dir/src.cxx.o  -o cmTC_7295f 
make[1]: Leaving directory '/home/kist-robot2/mujoco-2.3.1_source/mujoco-2.3.1/CMakeFiles/CMakeTmp'


Source file was:
int main() { return 0; }
Performing C++ SOURCE FILE Test HAVE_CXX_FLAG_WSHADOW succeeded with the following output:
Change Dir: /home/kist-robot2/mujoco-2.3.1_source/mujoco-2.3.1/CMakeFiles/CMakeTmp

Run Build Command(s):/usr/bin/make cmTC_df5cb/fast && /usr/bin/make -f CMakeFiles/cmTC_df5cb.dir/build.make CMakeFiles/cmTC_df5cb.dir/build
make[1]: Entering directory '/home/kist-robot2/mujoco-2.3.1_source/mujoco-2.3.1/CMakeFiles/CMakeTmp'
Building CXX object CMakeFiles/cmTC_df5cb.dir/src.cxx.o
/usr/bin/c++    -Wall  -Wextra -DHAVE_CXX_FLAG_WSHADOW  -Wshadow -fPIE   -Wshadow -o CMakeFiles/cmTC_df5cb.dir/src.cxx.o -c /home/kist-robot2/mujoco-2.3.1_source/mujoco-2.3.1/CMakeFiles/CMakeTmp/src.cxx
Linking CXX executable cmTC_df5cb
/usr/bin/cmake -E cmake_link_script CMakeFiles/cmTC_df5cb.dir/link.txt --verbose=1
/usr/bin/c++    -Wall  -Wextra -DHAVE_CXX_FLAG_WSHADOW  -Wshadow    -rdynamic CMakeFiles/cmTC_df5cb.dir/src.cxx.o  -o cmTC_df5cb 
make[1]: Leaving directory '/home/kist-robot2/mujoco-2.3.1_source/mujoco-2.3.1/CMakeFiles/CMakeTmp'


Source file was:
int main() { return 0; }
Performing C++ SOURCE FILE Test HAVE_CXX_FLAG_WFLOAT_EQUAL succeeded with the following output:
Change Dir: /home/kist-robot2/mujoco-2.3.1_source/mujoco-2.3.1/CMakeFiles/CMakeTmp

Run Build Command(s):/usr/bin/make cmTC_277bf/fast && /usr/bin/make -f CMakeFiles/cmTC_277bf.dir/build.make CMakeFiles/cmTC_277bf.dir/build
make[1]: Entering directory '/home/kist-robot2/mujoco-2.3.1_source/mujoco-2.3.1/CMakeFiles/CMakeTmp'
Building CXX object CMakeFiles/cmTC_277bf.dir/src.cxx.o
/usr/bin/c++    -Wall  -Wextra  -Wshadow -DHAVE_CXX_FLAG_WFLOAT_EQUAL  -Wfloat-equal -fPIE   -Wfloat-equal -o CMakeFiles/cmTC_277bf.dir/src.cxx.o -c /home/kist-robot2/mujoco-2.3.1_source/mujoco-2.3.1/CMakeFiles/CMakeTmp/src.cxx
Linking CXX executable cmTC_277bf
/usr/bin/cmake -E cmake_link_script CMakeFiles/cmTC_277bf.dir/link.txt --verbose=1
/usr/bin/c++    -Wall  -Wextra  -Wshadow -DHAVE_CXX_FLAG_WFLOAT_EQUAL  -Wfloat-equal    -rdynamic CMakeFiles/cmTC_277bf.dir/src.cxx.o  -o cmTC_277bf 
make[1]: Leaving directory '/home/kist-robot2/mujoco-2.3.1_source/mujoco-2.3.1/CMakeFiles/CMakeTmp'


Source file was:
int main() { return 0; }
Performing C++ SOURCE FILE Test HAVE_CXX_FLAG_WERROR succeeded with the following output:
Change Dir: /home/kist-robot2/mujoco-2.3.1_source/mujoco-2.3.1/CMakeFiles/CMakeTmp

Run Build Command(s):/usr/bin/make cmTC_6f521/fast && /usr/bin/make -f CMakeFiles/cmTC_6f521.dir/build.make CMakeFiles/cmTC_6f521.dir/build
make[1]: Entering directory '/home/kist-robot2/mujoco-2.3.1_source/mujoco-2.3.1/CMakeFiles/CMakeTmp'
Building CXX object CMakeFiles/cmTC_6f521.dir/src.cxx.o
/usr/bin/c++    -Wall  -Wextra  -Wshadow  -Wfloat-equal -DHAVE_CXX_FLAG_WERROR  -Werror -fPIE   -Werror -o CMakeFiles/cmTC_6f521.dir/src.cxx.o -c /home/kist-robot2/mujoco-2.3.1_source/mujoco-2.3.1/CMakeFiles/CMakeTmp/src.cxx
Linking CXX executable cmTC_6f521
/usr/bin/cmake -E cmake_link_script CMakeFiles/cmTC_6f521.dir/link.txt --verbose=1
/usr/bin/c++    -Wall  -Wextra  -Wshadow  -Wfloat-equal -DHAVE_CXX_FLAG_WERROR  -Werror    -rdynamic CMakeFiles/cmTC_6f521.dir/src.cxx.o  -o cmTC_6f521 
make[1]: Leaving directory '/home/kist-robot2/mujoco-2.3.1_source/mujoco-2.3.1/CMakeFiles/CMakeTmp'


Source file was:
int main() { return 0; }
Performing C++ SOURCE FILE Test HAVE_CXX_FLAG_WSUGGEST_OVERRIDE succeeded with the following output:
Change Dir: /home/kist-robot2/mujoco-2.3.1_source/mujoco-2.3.1/CMakeFiles/CMakeTmp

Run Build Command(s):/usr/bin/make cmTC_cf2aa/fast && /usr/bin/make -f CMakeFiles/cmTC_cf2aa.dir/build.make CMakeFiles/cmTC_cf2aa.dir/build
make[1]: Entering directory '/home/kist-robot2/mujoco-2.3.1_source/mujoco-2.3.1/CMakeFiles/CMakeTmp'
Building CXX object CMakeFiles/cmTC_cf2aa.dir/src.cxx.o
/usr/bin/c++    -Wall  -Wextra  -Wshadow  -Wfloat-equal -DHAVE_CXX_FLAG_WSUGGEST_OVERRIDE  -Wsuggest-override -fPIE   -Wsuggest-override -o CMakeFiles/cmTC_cf2aa.dir/src.cxx.o -c /home/kist-robot2/mujoco-2.3.1_source/mujoco-2.3.1/CMakeFiles/CMakeTmp/src.cxx
Linking CXX executable cmTC_cf2aa
/usr/bin/cmake -E cmake_link_script CMakeFiles/cmTC_cf2aa.dir/link.txt --verbose=1
/usr/bin/c++    -Wall  -Wextra  -Wshadow  -Wfloat-equal -DHAVE_CXX_FLAG_WSUGGEST_OVERRIDE  -Wsuggest-override    -rdynamic CMakeFiles/cmTC_cf2aa.dir/src.cxx.o  -o cmTC_cf2aa 
make[1]: Leaving directory '/home/kist-robot2/mujoco-2.3.1_source/mujoco-2.3.1/CMakeFiles/CMakeTmp'


Source file was:
int main() { return 0; }
Performing C++ SOURCE FILE Test HAVE_CXX_FLAG_PEDANTIC succeeded with the following output:
Change Dir: /home/kist-robot2/mujoco-2.3.1_source/mujoco-2.3.1/CMakeFiles/CMakeTmp

Run Build Command(s):/usr/bin/make cmTC_ba817/fast && /usr/bin/make -f CMakeFiles/cmTC_ba817.dir/build.make CMakeFiles/cmTC_ba817.dir/build
make[1]: Entering directory '/home/kist-robot2/mujoco-2.3.1_source/mujoco-2.3.1/CMakeFiles/CMakeTmp'
Building CXX object CMakeFiles/cmTC_ba817.dir/src.cxx.o
/usr/bin/c++    -Wall  -Wextra  -Wshadow  -Wfloat-equal  -Wsuggest-override -DHAVE_CXX_FLAG_PEDANTIC  -pedantic -fPIE   -pedantic -o CMakeFiles/cmTC_ba817.dir/src.cxx.o -c /home/kist-robot2/mujoco-2.3.1_source/mujoco-2.3.1/CMakeFiles/CMakeTmp/src.cxx
Linking CXX executable cmTC_ba817
/usr/bin/cmake -E cmake_link_script CMakeFiles/cmTC_ba817.dir/link.txt --verbose=1
/usr/bin/c++    -Wall  -Wextra  -Wshadow  -Wfloat-equal  -Wsuggest-override -DHAVE_CXX_FLAG_PEDANTIC  -pedantic    -rdynamic CMakeFiles/cmTC_ba817.dir/src.cxx.o  -o cmTC_ba817 
make[1]: Leaving directory '/home/kist-robot2/mujoco-2.3.1_source/mujoco-2.3.1/CMakeFiles/CMakeTmp'


Source file was:
int main() { return 0; }
Performing C++ SOURCE FILE Test HAVE_CXX_FLAG_PEDANTIC_ERRORS succeeded with the following output:
Change Dir: /home/kist-robot2/mujoco-2.3.1_source/mujoco-2.3.1/CMakeFiles/CMakeTmp

Run Build Command(s):/usr/bin/make cmTC_0b430/fast && /usr/bin/make -f CMakeFiles/cmTC_0b430.dir/build.make CMakeFiles/cmTC_0b430.dir/build
make[1]: Entering directory '/home/kist-robot2/mujoco-2.3.1_source/mujoco-2.3.1/CMakeFiles/CMakeTmp'
Building CXX object CMakeFiles/cmTC_0b430.dir/src.cxx.o
/usr/bin/c++    -Wall  -Wextra  -Wshadow  -Wfloat-equal  -Wsuggest-override  -pedantic -DHAVE_CXX_FLAG_PEDANTIC_ERRORS  -pedantic-errors -fPIE   -pedantic-errors -o CMakeFiles/cmTC_0b430.dir/src.cxx.o -c /home/kist-robot2/mujoco-2.3.1_source/mujoco-2.3.1/CMakeFiles/CMakeTmp/src.cxx
Linking CXX executable cmTC_0b430
/usr/bin/cmake -E cmake_link_script CMakeFiles/cmTC_0b430.dir/link.txt --verbose=1
/usr/bin/c++    -Wall  -Wextra  -Wshadow  -Wfloat-equal  -Wsuggest-override  -pedantic -DHAVE_CXX_FLAG_PEDANTIC_ERRORS  -pedantic-errors    -rdynamic CMakeFiles/cmTC_0b430.dir/src.cxx.o  -o cmTC_0b430 
make[1]: Leaving directory '/home/kist-robot2/mujoco-2.3.1_source/mujoco-2.3.1/CMakeFiles/CMakeTmp'


Source file was:
int main() { return 0; }
Performing C++ SOURCE FILE Test HAVE_CXX_FLAG_FSTRICT_ALIASING succeeded with the following output:
Change Dir: /home/kist-robot2/mujoco-2.3.1_source/mujoco-2.3.1/CMakeFiles/CMakeTmp

Run Build Command(s):/usr/bin/make cmTC_b5f77/fast && /usr/bin/make -f CMakeFiles/cmTC_b5f77.dir/build.make CMakeFiles/cmTC_b5f77.dir/build
make[1]: Entering directory '/home/kist-robot2/mujoco-2.3.1_source/mujoco-2.3.1/CMakeFiles/CMakeTmp'
Building CXX object CMakeFiles/cmTC_b5f77.dir/src.cxx.o
/usr/bin/c++    -Wall  -Wextra  -Wshadow  -Wfloat-equal  -Wsuggest-override  -pedantic  -pedantic-errors -DHAVE_CXX_FLAG_FSTRICT_ALIASING  -fstrict-aliasing -fPIE   -fstrict-aliasing -o CMakeFiles/cmTC_b5f77.dir/src.cxx.o -c /home/kist-robot2/mujoco-2.3.1_source/mujoco-2.3.1/CMakeFiles/CMakeTmp/src.cxx
Linking CXX executable cmTC_b5f77
/usr/bin/cmake -E cmake_link_script CMakeFiles/cmTC_b5f77.dir/link.txt --verbose=1
/usr/bin/c++    -Wall  -Wextra  -Wshadow  -Wfloat-equal  -Wsuggest-override  -pedantic  -pedantic-errors -DHAVE_CXX_FLAG_FSTRICT_ALIASING  -fstrict-aliasing    -rdynamic CMakeFiles/cmTC_b5f77.dir/src.cxx.o  -o cmTC_b5f77 
make[1]: Leaving directory '/home/kist-robot2/mujoco-2.3.1_source/mujoco-2.3.1/CMakeFiles/CMakeTmp'


Source file was:
int main() { return 0; }
Performing C++ SOURCE FILE Test HAVE_CXX_FLAG_WNO_DEPRECATED_DECLARATIONS succeeded with the following output:
Change Dir: /home/kist-robot2/mujoco-2.3.1_source/mujoco-2.3.1/CMakeFiles/CMakeTmp

Run Build Command(s):/usr/bin/make cmTC_927f3/fast && /usr/bin/make -f CMakeFiles/cmTC_927f3.dir/build.make CMakeFiles/cmTC_927f3.dir/build
make[1]: Entering directory '/home/kist-robot2/mujoco-2.3.1_source/mujoco-2.3.1/CMakeFiles/CMakeTmp'
Building CXX object CMakeFiles/cmTC_927f3.dir/src.cxx.o
/usr/bin/c++    -Wall  -Wextra  -Wshadow  -Wfloat-equal  -Wsuggest-override  -pedantic  -pedantic-errors  -fstrict-aliasing -DHAVE_CXX_FLAG_WNO_DEPRECATED_DECLARATIONS  -Wno-deprecated-declarations -fPIE   -Wno-deprecated-declarations -o CMakeFiles/cmTC_927f3.dir/src.cxx.o -c /home/kist-robot2/mujoco-2.3.1_source/mujoco-2.3.1/CMakeFiles/CMakeTmp/src.cxx
Linking CXX executable cmTC_927f3
/usr/bin/cmake -E cmake_link_script CMakeFiles/cmTC_927f3.dir/link.txt --verbose=1
/usr/bin/c++    -Wall  -Wextra  -Wshadow  -Wfloat-equal  -Wsuggest-override  -pedantic  -pedantic-errors  -fstrict-aliasing -DHAVE_CXX_FLAG_WNO_DEPRECATED_DECLARATIONS  -Wno-deprecated-declarations    -rdynamic CMakeFiles/cmTC_927f3.dir/src.cxx.o  -o cmTC_927f3 
make[1]: Leaving directory '/home/kist-robot2/mujoco-2.3.1_source/mujoco-2.3.1/CMakeFiles/CMakeTmp'


Source file was:
int main() { return 0; }
Performing C++ SOURCE FILE Test HAVE_CXX_FLAG_WNO_DEPRECATED succeeded with the following output:
Change Dir: /home/kist-robot2/mujoco-2.3.1_source/mujoco-2.3.1/CMakeFiles/CMakeTmp

Run Build Command(s):/usr/bin/make cmTC_d8f89/fast && /usr/bin/make -f CMakeFiles/cmTC_d8f89.dir/build.make CMakeFiles/cmTC_d8f89.dir/build
make[1]: Entering directory '/home/kist-robot2/mujoco-2.3.1_source/mujoco-2.3.1/CMakeFiles/CMakeTmp'
Building CXX object CMakeFiles/cmTC_d8f89.dir/src.cxx.o
/usr/bin/c++    -Wall  -Wextra  -Wshadow  -Wfloat-equal  -Wsuggest-override  -pedantic  -pedantic-errors  -fstrict-aliasing  -Wno-deprecated-declarations -DHAVE_CXX_FLAG_WNO_DEPRECATED  -Wno-deprecated -fPIE   -Wno-deprecated -o CMakeFiles/cmTC_d8f89.dir/src.cxx.o -c /home/kist-robot2/mujoco-2.3.1_source/mujoco-2.3.1/CMakeFiles/CMakeTmp/src.cxx
Linking CXX executable cmTC_d8f89
/usr/bin/cmake -E cmake_link_script CMakeFiles/cmTC_d8f89.dir/link.txt --verbose=1
/usr/bin/c++    -Wall  -Wextra  -Wshadow  -Wfloat-equal  -Wsuggest-override  -pedantic  -pedantic-errors  -fstrict-aliasing  -Wno-deprecated-declarations -DHAVE_CXX_FLAG_WNO_DEPRECATED  -Wno-deprecated    -rdynamic CMakeFiles/cmTC_d8f89.dir/src.cxx.o  -o cmTC_d8f89 
make[1]: Leaving directory '/home/kist-robot2/mujoco-2.3.1_source/mujoco-2.3.1/CMakeFiles/CMakeTmp'


Source file was:
int main() { return 0; }
Performing C++ SOURCE FILE Test HAVE_CXX_FLAG_WSTRICT_ALIASING succeeded with the following output:
Change Dir: /home/kist-robot2/mujoco-2.3.1_source/mujoco-2.3.1/CMakeFiles/CMakeTmp

Run Build Command(s):/usr/bin/make cmTC_c60cf/fast && /usr/bin/make -f CMakeFiles/cmTC_c60cf.dir/build.make CMakeFiles/cmTC_c60cf.dir/build
make[1]: Entering directory '/home/kist-robot2/mujoco-2.3.1_source/mujoco-2.3.1/CMakeFiles/CMakeTmp'
Building CXX object CMakeFiles/cmTC_c60cf.dir/src.cxx.o
/usr/bin/c++    -Wall  -Wextra  -Wshadow  -Wfloat-equal  -Wsuggest-override  -pedantic  -pedantic-errors  -fstrict-aliasing  -Wno-deprecated-declarations -DHAVE_CXX_FLAG_WSTRICT_ALIASING  -Wstrict-aliasing -fPIE   -Wstrict-aliasing -o CMakeFiles/cmTC_c60cf.dir/src.cxx.o -c /home/kist-robot2/mujoco-2.3.1_source/mujoco-2.3.1/CMakeFiles/CMakeTmp/src.cxx
Linking CXX executable cmTC_c60cf
/usr/bin/cmake -E cmake_link_script CMakeFiles/cmTC_c60cf.dir/link.txt --verbose=1
/usr/bin/c++    -Wall  -Wextra  -Wshadow  -Wfloat-equal  -Wsuggest-override  -pedantic  -pedantic-errors  -fstrict-aliasing  -Wno-deprecated-declarations -DHAVE_CXX_FLAG_WSTRICT_ALIASING  -Wstrict-aliasing    -rdynamic CMakeFiles/cmTC_c60cf.dir/src.cxx.o  -o cmTC_c60cf 
make[1]: Leaving directory '/home/kist-robot2/mujoco-2.3.1_source/mujoco-2.3.1/CMakeFiles/CMakeTmp'


Source file was:
int main() { return 0; }
Performing C++ SOURCE FILE Test HAVE_CXX_FLAG_COVERAGE succeeded with the following output:
Change Dir: /home/kist-robot2/mujoco-2.3.1_source/mujoco-2.3.1/CMakeFiles/CMakeTmp

Run Build Command(s):/usr/bin/make cmTC_cf522/fast && /usr/bin/make -f CMakeFiles/cmTC_cf522.dir/build.make CMakeFiles/cmTC_cf522.dir/build
make[1]: Entering directory '/home/kist-robot2/mujoco-2.3.1_source/mujoco-2.3.1/CMakeFiles/CMakeTmp'
Building CXX object CMakeFiles/cmTC_cf522.dir/src.cxx.o
/usr/bin/c++    -Wall  -Wextra  -Wshadow  -Wfloat-equal  -Wsuggest-override  -pedantic  -pedantic-errors  -fstrict-aliasing  -Wno-deprecated-declarations  -Wstrict-aliasing -DHAVE_CXX_FLAG_COVERAGE  --coverage -fPIE   --coverage -o CMakeFiles/cmTC_cf522.dir/src.cxx.o -c /home/kist-robot2/mujoco-2.3.1_source/mujoco-2.3.1/CMakeFiles/CMakeTmp/src.cxx
Linking CXX executable cmTC_cf522
/usr/bin/cmake -E cmake_link_script CMakeFiles/cmTC_cf522.dir/link.txt --verbose=1
/usr/bin/c++    -Wall  -Wextra  -Wshadow  -Wfloat-equal  -Wsuggest-override  -pedantic  -pedantic-errors  -fstrict-aliasing  -Wno-deprecated-declarations  -Wstrict-aliasing -DHAVE_CXX_FLAG_COVERAGE  --coverage    -rdynamic CMakeFiles/cmTC_cf522.dir/src.cxx.o  -o cmTC_cf522 
make[1]: Leaving directory '/home/kist-robot2/mujoco-2.3.1_source/mujoco-2.3.1/CMakeFiles/CMakeTmp'


Source file was:
int main() { return 0; }
Determining if the function XOpenDisplay exists in the /usr/lib/x86_64-linux-gnu/libX11.so;/usr/lib/x86_64-linux-gnu/libXext.so passed with the following output:
Change Dir: /home/kist-robot2/mujoco-2.3.1_source/mujoco-2.3.1/CMakeFiles/CMakeTmp

Run Build Command(s):/usr/bin/make cmTC_00af6/fast && /usr/bin/make -f CMakeFiles/cmTC_00af6.dir/build.make CMakeFiles/cmTC_00af6.dir/build
make[1]: Entering directory '/home/kist-robot2/mujoco-2.3.1_source/mujoco-2.3.1/CMakeFiles/CMakeTmp'
Building C object CMakeFiles/cmTC_00af6.dir/CheckFunctionExists.c.o
/usr/bin/cc   -DCHECK_FUNCTION_EXISTS=XOpenDisplay -fPIE   -o CMakeFiles/cmTC_00af6.dir/CheckFunctionExists.c.o   -c /usr/share/cmake-3.16/Modules/CheckFunctionExists.c
Linking C executable cmTC_00af6
/usr/bin/cmake -E cmake_link_script CMakeFiles/cmTC_00af6.dir/link.txt --verbose=1
/usr/bin/cc  -DCHECK_FUNCTION_EXISTS=XOpenDisplay    CMakeFiles/cmTC_00af6.dir/CheckFunctionExists.c.o  -o cmTC_00af6  /usr/lib/x86_64-linux-gnu/libX11.so /usr/lib/x86_64-linux-gnu/libXext.so 
make[1]: Leaving directory '/home/kist-robot2/mujoco-2.3.1_source/mujoco-2.3.1/CMakeFiles/CMakeTmp'



Determining if the function gethostbyname exists passed with the following output:
Change Dir: /home/kist-robot2/mujoco-2.3.1_source/mujoco-2.3.1/CMakeFiles/CMakeTmp

Run Build Command(s):/usr/bin/make cmTC_efdae/fast && /usr/bin/make -f CMakeFiles/cmTC_efdae.dir/build.make CMakeFiles/cmTC_efdae.dir/build
make[1]: Entering directory '/home/kist-robot2/mujoco-2.3.1_source/mujoco-2.3.1/CMakeFiles/CMakeTmp'
Building C object CMakeFiles/cmTC_efdae.dir/CheckFunctionExists.c.o
/usr/bin/cc   -DCHECK_FUNCTION_EXISTS=gethostbyname -fPIE   -std=c11 -o CMakeFiles/cmTC_efdae.dir/CheckFunctionExists.c.o   -c /usr/share/cmake-3.16/Modules/CheckFunctionExists.c
Linking C executable cmTC_efdae
/usr/bin/cmake -E cmake_link_script CMakeFiles/cmTC_efdae.dir/link.txt --verbose=1
/usr/bin/cc  -DCHECK_FUNCTION_EXISTS=gethostbyname    CMakeFiles/cmTC_efdae.dir/CheckFunctionExists.c.o  -o cmTC_efdae 
make[1]: Leaving directory '/home/kist-robot2/mujoco-2.3.1_source/mujoco-2.3.1/CMakeFiles/CMakeTmp'



Determining if the function connect exists passed with the following output:
Change Dir: /home/kist-robot2/mujoco-2.3.1_source/mujoco-2.3.1/CMakeFiles/CMakeTmp

Run Build Command(s):/usr/bin/make cmTC_8fe32/fast && /usr/bin/make -f CMakeFiles/cmTC_8fe32.dir/build.make CMakeFiles/cmTC_8fe32.dir/build
make[1]: Entering directory '/home/kist-robot2/mujoco-2.3.1_source/mujoco-2.3.1/CMakeFiles/CMakeTmp'
Building C object CMakeFiles/cmTC_8fe32.dir/CheckFunctionExists.c.o
/usr/bin/cc   -DCHECK_FUNCTION_EXISTS=connect -fPIE   -std=c11 -o CMakeFiles/cmTC_8fe32.dir/CheckFunctionExists.c.o   -c /usr/share/cmake-3.16/Modules/CheckFunctionExists.c
Linking C executable cmTC_8fe32
/usr/bin/cmake -E cmake_link_script CMakeFiles/cmTC_8fe32.dir/link.txt --verbose=1
/usr/bin/cc  -DCHECK_FUNCTION_EXISTS=connect    CMakeFiles/cmTC_8fe32.dir/CheckFunctionExists.c.o  -o cmTC_8fe32 
make[1]: Leaving directory '/home/kist-robot2/mujoco-2.3.1_source/mujoco-2.3.1/CMakeFiles/CMakeTmp'



Determining if the function remove exists passed with the following output:
Change Dir: /home/kist-robot2/mujoco-2.3.1_source/mujoco-2.3.1/CMakeFiles/CMakeTmp

Run Build Command(s):/usr/bin/make cmTC_0e001/fast && /usr/bin/make -f CMakeFiles/cmTC_0e001.dir/build.make CMakeFiles/cmTC_0e001.dir/build
make[1]: Entering directory '/home/kist-robot2/mujoco-2.3.1_source/mujoco-2.3.1/CMakeFiles/CMakeTmp'
Building C object CMakeFiles/cmTC_0e001.dir/CheckFunctionExists.c.o
/usr/bin/cc   -DCHECK_FUNCTION_EXISTS=remove -fPIE   -std=c11 -o CMakeFiles/cmTC_0e001.dir/CheckFunctionExists.c.o   -c /usr/share/cmake-3.16/Modules/CheckFunctionExists.c
Linking C executable cmTC_0e001
/usr/bin/cmake -E cmake_link_script CMakeFiles/cmTC_0e001.dir/link.txt --verbose=1
/usr/bin/cc  -DCHECK_FUNCTION_EXISTS=remove    CMakeFiles/cmTC_0e001.dir/CheckFunctionExists.c.o  -o cmTC_0e001 
make[1]: Leaving directory '/home/kist-robot2/mujoco-2.3.1_source/mujoco-2.3.1/CMakeFiles/CMakeTmp'



Determining if the function shmat exists passed with the following output:
Change Dir: /home/kist-robot2/mujoco-2.3.1_source/mujoco-2.3.1/CMakeFiles/CMakeTmp

Run Build Command(s):/usr/bin/make cmTC_38f82/fast && /usr/bin/make -f CMakeFiles/cmTC_38f82.dir/build.make CMakeFiles/cmTC_38f82.dir/build
make[1]: Entering directory '/home/kist-robot2/mujoco-2.3.1_source/mujoco-2.3.1/CMakeFiles/CMakeTmp'
Building C object CMakeFiles/cmTC_38f82.dir/CheckFunctionExists.c.o
/usr/bin/cc   -DCHECK_FUNCTION_EXISTS=shmat -fPIE   -std=c11 -o CMakeFiles/cmTC_38f82.dir/CheckFunctionExists.c.o   -c /usr/share/cmake-3.16/Modules/CheckFunctionExists.c
Linking C executable cmTC_38f82
/usr/bin/cmake -E cmake_link_script CMakeFiles/cmTC_38f82.dir/link.txt --verbose=1
/usr/bin/cc  -DCHECK_FUNCTION_EXISTS=shmat    CMakeFiles/cmTC_38f82.dir/CheckFunctionExists.c.o  -o cmTC_38f82 
make[1]: Leaving directory '/home/kist-robot2/mujoco-2.3.1_source/mujoco-2.3.1/CMakeFiles/CMakeTmp'



Determining if the function IceConnectionNumber exists in the ICE passed with the following output:
Change Dir: /home/kist-robot2/mujoco-2.3.1_source/mujoco-2.3.1/CMakeFiles/CMakeTmp

Run Build Command(s):/usr/bin/make cmTC_ef7a4/fast && /usr/bin/make -f CMakeFiles/cmTC_ef7a4.dir/build.make CMakeFiles/cmTC_ef7a4.dir/build
make[1]: Entering directory '/home/kist-robot2/mujoco-2.3.1_source/mujoco-2.3.1/CMakeFiles/CMakeTmp'
Building C object CMakeFiles/cmTC_ef7a4.dir/CheckFunctionExists.c.o
/usr/bin/cc   -DCHECK_FUNCTION_EXISTS=IceConnectionNumber -fPIE   -o CMakeFiles/cmTC_ef7a4.dir/CheckFunctionExists.c.o   -c /usr/share/cmake-3.16/Modules/CheckFunctionExists.c
Linking C executable cmTC_ef7a4
/usr/bin/cmake -E cmake_link_script CMakeFiles/cmTC_ef7a4.dir/link.txt --verbose=1
/usr/bin/cc  -DCHECK_FUNCTION_EXISTS=IceConnectionNumber    CMakeFiles/cmTC_ef7a4.dir/CheckFunctionExists.c.o  -o cmTC_ef7a4  -lICE 
make[1]: Leaving directory '/home/kist-robot2/mujoco-2.3.1_source/mujoco-2.3.1/CMakeFiles/CMakeTmp'



