Performing C SOURCE FILE Test SUPPORTS_LLD failed with the following output:
Change Dir: /home/kist-robot2/mujoco-2.3.1_source/mujoco-2.3.1/CMakeFiles/CMakeTmp

Run Build Command(s):/usr/bin/make cmTC_0e6ff/fast && /usr/bin/make -f CMakeFiles/cmTC_0e6ff.dir/build.make CMakeFiles/cmTC_0e6ff.dir/build
make[1]: Entering directory '/home/kist-robot2/mujoco-2.3.1_source/mujoco-2.3.1/CMakeFiles/CMakeTmp'
Building C object CMakeFiles/cmTC_0e6ff.dir/src.c.o
/usr/bin/cc   -DSUPPORTS_LLD -fuse-ld=lld -fPIE   -std=c11 -o CMakeFiles/cmTC_0e6ff.dir/src.c.o   -c /home/kist-robot2/mujoco-2.3.1_source/mujoco-2.3.1/CMakeFiles/CMakeTmp/src.c
Linking C executable cmTC_0e6ff
/usr/bin/cmake -E cmake_link_script CMakeFiles/cmTC_0e6ff.dir/link.txt --verbose=1
/usr/bin/cc  -DSUPPORTS_LLD -fuse-ld=lld    CMakeFiles/cmTC_0e6ff.dir/src.c.o  -o cmTC_0e6ff 
collect2: fatal error: cannot find ‘ld’
compilation terminated.
make[1]: *** [CMakeFiles/cmTC_0e6ff.dir/build.make:87: cmTC_0e6ff] Error 1
make[1]: Leaving directory '/home/kist-robot2/mujoco-2.3.1_source/mujoco-2.3.1/CMakeFiles/CMakeTmp'
make: *** [Makefile:121: cmTC_0e6ff/fast] Error 2


Source file was:
int main() {}
Performing C SOURCE FILE Test CMAKE_HAVE_LIBC_PTHREAD failed with the following output:
Change Dir: /home/kist-robot2/mujoco-2.3.1_source/mujoco-2.3.1/CMakeFiles/CMakeTmp

Run Build Command(s):/usr/bin/make cmTC_098f8/fast && /usr/bin/make -f CMakeFiles/cmTC_098f8.dir/build.make CMakeFiles/cmTC_098f8.dir/build
make[1]: Entering directory '/home/kist-robot2/mujoco-2.3.1_source/mujoco-2.3.1/CMakeFiles/CMakeTmp'
Building C object CMakeFiles/cmTC_098f8.dir/src.c.o
/usr/bin/cc   -DCMAKE_HAVE_LIBC_PTHREAD -fPIE   -std=c11 -o CMakeFiles/cmTC_098f8.dir/src.c.o   -c /home/kist-robot2/mujoco-2.3.1_source/mujoco-2.3.1/CMakeFiles/CMakeTmp/src.c
Linking C executable cmTC_098f8
/usr/bin/cmake -E cmake_link_script CMakeFiles/cmTC_098f8.dir/link.txt --verbose=1
/usr/bin/cc  -DCMAKE_HAVE_LIBC_PTHREAD    CMakeFiles/cmTC_098f8.dir/src.c.o  -o cmTC_098f8 
/usr/bin/ld: CMakeFiles/cmTC_098f8.dir/src.c.o: in function `main':
src.c:(.text+0x46): undefined reference to `pthread_create'
/usr/bin/ld: src.c:(.text+0x52): undefined reference to `pthread_detach'
/usr/bin/ld: src.c:(.text+0x63): undefined reference to `pthread_join'
collect2: error: ld returned 1 exit status
make[1]: *** [CMakeFiles/cmTC_098f8.dir/build.make:87: cmTC_098f8] Error 1
make[1]: Leaving directory '/home/kist-robot2/mujoco-2.3.1_source/mujoco-2.3.1/CMakeFiles/CMakeTmp'
make: *** [Makefile:121: cmTC_098f8/fast] Error 2


Source file was:
#include <pthread.h>

void* test_func(void* data)
{
  return data;
}

int main(void)
{
  pthread_t thread;
  pthread_create(&thread, NULL, test_func, NULL);
  pthread_detach(thread);
  pthread_join(thread, NULL);
  pthread_atfork(NULL, NULL, NULL);
  pthread_exit(NULL);

  return 0;
}

Determining if the function pthread_create exists in the pthreads failed with the following output:
Change Dir: /home/kist-robot2/mujoco-2.3.1_source/mujoco-2.3.1/CMakeFiles/CMakeTmp

Run Build Command(s):/usr/bin/make cmTC_233e0/fast && /usr/bin/make -f CMakeFiles/cmTC_233e0.dir/build.make CMakeFiles/cmTC_233e0.dir/build
make[1]: Entering directory '/home/kist-robot2/mujoco-2.3.1_source/mujoco-2.3.1/CMakeFiles/CMakeTmp'
Building C object CMakeFiles/cmTC_233e0.dir/CheckFunctionExists.c.o
/usr/bin/cc   -DCHECK_FUNCTION_EXISTS=pthread_create -fPIE   -o CMakeFiles/cmTC_233e0.dir/CheckFunctionExists.c.o   -c /usr/share/cmake-3.16/Modules/CheckFunctionExists.c
Linking C executable cmTC_233e0
/usr/bin/cmake -E cmake_link_script CMakeFiles/cmTC_233e0.dir/link.txt --verbose=1
/usr/bin/cc  -DCHECK_FUNCTION_EXISTS=pthread_create    CMakeFiles/cmTC_233e0.dir/CheckFunctionExists.c.o  -o cmTC_233e0  -lpthreads 
/usr/bin/ld: cannot find -lpthreads
collect2: error: ld returned 1 exit status
make[1]: *** [CMakeFiles/cmTC_233e0.dir/build.make:87: cmTC_233e0] Error 1
make[1]: Leaving directory '/home/kist-robot2/mujoco-2.3.1_source/mujoco-2.3.1/CMakeFiles/CMakeTmp'
make: *** [Makefile:121: cmTC_233e0/fast] Error 2



Performing C++ SOURCE FILE Test HAVE_CXX_FLAG_WSHORTEN_64_TO_32 failed with the following output:
Change Dir: /home/kist-robot2/mujoco-2.3.1_source/mujoco-2.3.1/CMakeFiles/CMakeTmp

Run Build Command(s):/usr/bin/make cmTC_8e2c6/fast && /usr/bin/make -f CMakeFiles/cmTC_8e2c6.dir/build.make CMakeFiles/cmTC_8e2c6.dir/build
make[1]: Entering directory '/home/kist-robot2/mujoco-2.3.1_source/mujoco-2.3.1/CMakeFiles/CMakeTmp'
Building CXX object CMakeFiles/cmTC_8e2c6.dir/src.cxx.o
/usr/bin/c++    -Wall  -Wextra  -Wshadow  -Wfloat-equal  -Wsuggest-override  -pedantic  -pedantic-errors -DHAVE_CXX_FLAG_WSHORTEN_64_TO_32  -Wshorten-64-to-32 -fPIE   -Wshorten-64-to-32 -o CMakeFiles/cmTC_8e2c6.dir/src.cxx.o -c /home/kist-robot2/mujoco-2.3.1_source/mujoco-2.3.1/CMakeFiles/CMakeTmp/src.cxx
c++: error: unrecognized command line option '-Wshorten-64-to-32'
c++: error: unrecognized command line option '-Wshorten-64-to-32'
make[1]: *** [CMakeFiles/cmTC_8e2c6.dir/build.make:66: CMakeFiles/cmTC_8e2c6.dir/src.cxx.o] Error 1
make[1]: Leaving directory '/home/kist-robot2/mujoco-2.3.1_source/mujoco-2.3.1/CMakeFiles/CMakeTmp'
make: *** [Makefile:121: cmTC_8e2c6/fast] Error 2


Source file was:
int main() { return 0; }
Performing C++ SOURCE FILE Test HAVE_CXX_FLAG_WD654 failed with the following output:
Change Dir: /home/kist-robot2/mujoco-2.3.1_source/mujoco-2.3.1/CMakeFiles/CMakeTmp

Run Build Command(s):/usr/bin/make cmTC_6ee60/fast && /usr/bin/make -f CMakeFiles/cmTC_6ee60.dir/build.make CMakeFiles/cmTC_6ee60.dir/build
make[1]: Entering directory '/home/kist-robot2/mujoco-2.3.1_source/mujoco-2.3.1/CMakeFiles/CMakeTmp'
Building CXX object CMakeFiles/cmTC_6ee60.dir/src.cxx.o
/usr/bin/c++    -Wall  -Wextra  -Wshadow  -Wfloat-equal  -Wsuggest-override  -pedantic  -pedantic-errors  -fstrict-aliasing  -Wno-deprecated-declarations  -Wstrict-aliasing -DHAVE_CXX_FLAG_WD654  -wd654 -fPIE   -wd654 -o CMakeFiles/cmTC_6ee60.dir/src.cxx.o -c /home/kist-robot2/mujoco-2.3.1_source/mujoco-2.3.1/CMakeFiles/CMakeTmp/src.cxx
c++: error: unrecognized command line option '-wd654'
c++: error: unrecognized command line option '-wd654'
make[1]: *** [CMakeFiles/cmTC_6ee60.dir/build.make:66: CMakeFiles/cmTC_6ee60.dir/src.cxx.o] Error 1
make[1]: Leaving directory '/home/kist-robot2/mujoco-2.3.1_source/mujoco-2.3.1/CMakeFiles/CMakeTmp'
make: *** [Makefile:121: cmTC_6ee60/fast] Error 2


Source file was:
int main() { return 0; }
Performing C++ SOURCE FILE Test HAVE_CXX_FLAG_WTHREAD_SAFETY failed with the following output:
Change Dir: /home/kist-robot2/mujoco-2.3.1_source/mujoco-2.3.1/CMakeFiles/CMakeTmp

Run Build Command(s):/usr/bin/make cmTC_b816a/fast && /usr/bin/make -f CMakeFiles/cmTC_b816a.dir/build.make CMakeFiles/cmTC_b816a.dir/build
make[1]: Entering directory '/home/kist-robot2/mujoco-2.3.1_source/mujoco-2.3.1/CMakeFiles/CMakeTmp'
Building CXX object CMakeFiles/cmTC_b816a.dir/src.cxx.o
/usr/bin/c++    -Wall  -Wextra  -Wshadow  -Wfloat-equal  -Wsuggest-override  -pedantic  -pedantic-errors  -fstrict-aliasing  -Wno-deprecated-declarations  -Wstrict-aliasing -DHAVE_CXX_FLAG_WTHREAD_SAFETY  -Wthread-safety -fPIE   -Wthread-safety -o CMakeFiles/cmTC_b816a.dir/src.cxx.o -c /home/kist-robot2/mujoco-2.3.1_source/mujoco-2.3.1/CMakeFiles/CMakeTmp/src.cxx
c++: error: unrecognized command line option '-Wthread-safety'
c++: error: unrecognized command line option '-Wthread-safety'
make[1]: *** [CMakeFiles/cmTC_b816a.dir/build.make:66: CMakeFiles/cmTC_b816a.dir/src.cxx.o] Error 1
make[1]: Leaving directory '/home/kist-robot2/mujoco-2.3.1_source/mujoco-2.3.1/CMakeFiles/CMakeTmp'
make: *** [Makefile:121: cmTC_b816a/fast] Error 2


Source file was:
int main() { return 0; }
